Copyright 1986-2017 Xilinx, Inc. All Rights Reserved.
---------------------------------------------------------------------------------------------------------------------------------------------------------------------------
| Tool Version : Vivado v.2017.4 (win64) Build 2086221 Fri Dec 15 20:55:39 MST 2017
| Date         : Thu May 18 15:50:24 2023
| Host         : DESKTOP-IRHHT3D running 64-bit major release  (build 9200)
| Command      : report_timing_summary -max_paths 10 -file Multi_Channel_top_timing_summary_routed.rpt -rpx Multi_Channel_top_timing_summary_routed.rpx -warn_on_violation
| Design       : Multi_Channel_top
| Device       : 7a35t-fgg484
| Speed File   : -2  PRODUCTION 1.20 2017-11-01
---------------------------------------------------------------------------------------------------------------------------------------------------------------------------

Timing Summary Report

------------------------------------------------------------------------------------------------
| Timer Settings
| --------------
------------------------------------------------------------------------------------------------

  Enable Multi Corner Analysis               :  Yes
  Enable Pessimism Removal                   :  Yes
  Pessimism Removal Resolution               :  Nearest Common Node
  Enable Input Delay Default Clock           :  No
  Enable Preset / Clear Arcs                 :  No
  Disable Flight Delays                      :  No
  Ignore I/O Paths                           :  No
  Timing Early Launch at Borrowing Latches   :  false

  Corner  Analyze    Analyze    
  Name    Max Paths  Min Paths  
  ------  ---------  ---------  
  Slow    Yes        Yes        
  Fast    Yes        Yes        



check_timing report

Table of Contents
-----------------
1. checking no_clock
2. checking constant_clock
3. checking pulse_width_clock
4. checking unconstrained_internal_endpoints
5. checking no_input_delay
6. checking no_output_delay
7. checking multiple_clock
8. checking generated_clocks
9. checking loops
10. checking partial_input_delay
11. checking partial_output_delay
12. checking latch_loops

1. checking no_clock
--------------------
 There are 2225 register/latch pins with no clock driven by root clock pin: clk (HIGH)

 There are 64 register/latch pins with no clock driven by root clock pin: rst_n (HIGH)

 There is 1 register/latch pin with no clock driven by root clock pin: Control_new/cmd_channel_reg[0]_C/Q (HIGH)

 There is 1 register/latch pin with no clock driven by root clock pin: Control_new/cmd_channel_reg[0]_P/Q (HIGH)

 There is 1 register/latch pin with no clock driven by root clock pin: Control_new/cmd_channel_reg[1]_C/Q (HIGH)

 There is 1 register/latch pin with no clock driven by root clock pin: Control_new/cmd_channel_reg[1]_P/Q (HIGH)

 There is 1 register/latch pin with no clock driven by root clock pin: Control_new/cmd_channel_reg[2]_C/Q (HIGH)

 There is 1 register/latch pin with no clock driven by root clock pin: Control_new/cmd_channel_reg[2]_P/Q (HIGH)

 There is 1 register/latch pin with no clock driven by root clock pin: Control_new/cmd_channel_reg[3]_C/Q (HIGH)

 There is 1 register/latch pin with no clock driven by root clock pin: Control_new/cmd_channel_reg[3]_P/Q (HIGH)

 There is 1 register/latch pin with no clock driven by root clock pin: Control_new/cmd_channel_reg[4]_C/Q (HIGH)

 There is 1 register/latch pin with no clock driven by root clock pin: Control_new/cmd_channel_reg[4]_P/Q (HIGH)

 There is 1 register/latch pin with no clock driven by root clock pin: Control_new/cmd_channel_reg[5]_C/Q (HIGH)

 There is 1 register/latch pin with no clock driven by root clock pin: Control_new/cmd_channel_reg[5]_P/Q (HIGH)

 There is 1 register/latch pin with no clock driven by root clock pin: Control_new/cmd_channel_reg[6]_C/Q (HIGH)

 There is 1 register/latch pin with no clock driven by root clock pin: Control_new/cmd_channel_reg[6]_P/Q (HIGH)

 There is 1 register/latch pin with no clock driven by root clock pin: Control_new/cmd_channel_reg[7]_C/Q (HIGH)

 There is 1 register/latch pin with no clock driven by root clock pin: Control_new/cmd_channel_reg[7]_P/Q (HIGH)

 There is 1 register/latch pin with no clock driven by root clock pin: Control_new/cmd_data_reg[0]_C/Q (HIGH)

 There is 1 register/latch pin with no clock driven by root clock pin: Control_new/cmd_data_reg[0]_P/Q (HIGH)

 There is 1 register/latch pin with no clock driven by root clock pin: Control_new/cmd_data_reg[10]_C/Q (HIGH)

 There is 1 register/latch pin with no clock driven by root clock pin: Control_new/cmd_data_reg[10]_P/Q (HIGH)

 There is 1 register/latch pin with no clock driven by root clock pin: Control_new/cmd_data_reg[11]_C/Q (HIGH)

 There is 1 register/latch pin with no clock driven by root clock pin: Control_new/cmd_data_reg[11]_P/Q (HIGH)

 There is 1 register/latch pin with no clock driven by root clock pin: Control_new/cmd_data_reg[12]_C/Q (HIGH)

 There is 1 register/latch pin with no clock driven by root clock pin: Control_new/cmd_data_reg[12]_P/Q (HIGH)

 There is 1 register/latch pin with no clock driven by root clock pin: Control_new/cmd_data_reg[13]_C/Q (HIGH)

 There is 1 register/latch pin with no clock driven by root clock pin: Control_new/cmd_data_reg[13]_P/Q (HIGH)

 There is 1 register/latch pin with no clock driven by root clock pin: Control_new/cmd_data_reg[14]_C/Q (HIGH)

 There is 1 register/latch pin with no clock driven by root clock pin: Control_new/cmd_data_reg[14]_P/Q (HIGH)

 There is 1 register/latch pin with no clock driven by root clock pin: Control_new/cmd_data_reg[15]_C/Q (HIGH)

 There is 1 register/latch pin with no clock driven by root clock pin: Control_new/cmd_data_reg[15]_P/Q (HIGH)

 There is 1 register/latch pin with no clock driven by root clock pin: Control_new/cmd_data_reg[1]_C/Q (HIGH)

 There is 1 register/latch pin with no clock driven by root clock pin: Control_new/cmd_data_reg[1]_P/Q (HIGH)

 There is 1 register/latch pin with no clock driven by root clock pin: Control_new/cmd_data_reg[2]_C/Q (HIGH)

 There is 1 register/latch pin with no clock driven by root clock pin: Control_new/cmd_data_reg[2]_P/Q (HIGH)

 There is 1 register/latch pin with no clock driven by root clock pin: Control_new/cmd_data_reg[3]_C/Q (HIGH)

 There is 1 register/latch pin with no clock driven by root clock pin: Control_new/cmd_data_reg[3]_P/Q (HIGH)

 There is 1 register/latch pin with no clock driven by root clock pin: Control_new/cmd_data_reg[4]_C/Q (HIGH)

 There is 1 register/latch pin with no clock driven by root clock pin: Control_new/cmd_data_reg[4]_P/Q (HIGH)

 There is 1 register/latch pin with no clock driven by root clock pin: Control_new/cmd_data_reg[5]_C/Q (HIGH)

 There is 1 register/latch pin with no clock driven by root clock pin: Control_new/cmd_data_reg[5]_P/Q (HIGH)

 There is 1 register/latch pin with no clock driven by root clock pin: Control_new/cmd_data_reg[6]_C/Q (HIGH)

 There is 1 register/latch pin with no clock driven by root clock pin: Control_new/cmd_data_reg[6]_P/Q (HIGH)

 There is 1 register/latch pin with no clock driven by root clock pin: Control_new/cmd_data_reg[7]_C/Q (HIGH)

 There is 1 register/latch pin with no clock driven by root clock pin: Control_new/cmd_data_reg[7]_P/Q (HIGH)

 There is 1 register/latch pin with no clock driven by root clock pin: Control_new/cmd_data_reg[8]_C/Q (HIGH)

 There is 1 register/latch pin with no clock driven by root clock pin: Control_new/cmd_data_reg[8]_P/Q (HIGH)

 There is 1 register/latch pin with no clock driven by root clock pin: Control_new/cmd_data_reg[9]_C/Q (HIGH)

 There is 1 register/latch pin with no clock driven by root clock pin: Control_new/cmd_data_reg[9]_P/Q (HIGH)

 There is 1 register/latch pin with no clock driven by root clock pin: u_pid_contorl/AD_output_reg[0]_C/Q (HIGH)

 There is 1 register/latch pin with no clock driven by root clock pin: u_pid_contorl/AD_output_reg[0]_P/Q (HIGH)

 There is 1 register/latch pin with no clock driven by root clock pin: u_pid_contorl/AD_output_reg[10]_C/Q (HIGH)

 There is 1 register/latch pin with no clock driven by root clock pin: u_pid_contorl/AD_output_reg[10]_P/Q (HIGH)

 There is 1 register/latch pin with no clock driven by root clock pin: u_pid_contorl/AD_output_reg[11]_C/Q (HIGH)

 There is 1 register/latch pin with no clock driven by root clock pin: u_pid_contorl/AD_output_reg[11]_P/Q (HIGH)

 There is 1 register/latch pin with no clock driven by root clock pin: u_pid_contorl/AD_output_reg[12]_C/Q (HIGH)

 There is 1 register/latch pin with no clock driven by root clock pin: u_pid_contorl/AD_output_reg[12]_P/Q (HIGH)

 There is 1 register/latch pin with no clock driven by root clock pin: u_pid_contorl/AD_output_reg[13]_C/Q (HIGH)

 There is 1 register/latch pin with no clock driven by root clock pin: u_pid_contorl/AD_output_reg[13]_P/Q (HIGH)

 There is 1 register/latch pin with no clock driven by root clock pin: u_pid_contorl/AD_output_reg[14]_C/Q (HIGH)

 There is 1 register/latch pin with no clock driven by root clock pin: u_pid_contorl/AD_output_reg[14]_P/Q (HIGH)

 There is 1 register/latch pin with no clock driven by root clock pin: u_pid_contorl/AD_output_reg[15]_C/Q (HIGH)

 There is 1 register/latch pin with no clock driven by root clock pin: u_pid_contorl/AD_output_reg[15]_P/Q (HIGH)

 There is 1 register/latch pin with no clock driven by root clock pin: u_pid_contorl/AD_output_reg[1]_C/Q (HIGH)

 There is 1 register/latch pin with no clock driven by root clock pin: u_pid_contorl/AD_output_reg[1]_P/Q (HIGH)

 There is 1 register/latch pin with no clock driven by root clock pin: u_pid_contorl/AD_output_reg[2]_C/Q (HIGH)

 There is 1 register/latch pin with no clock driven by root clock pin: u_pid_contorl/AD_output_reg[2]_P/Q (HIGH)

 There is 1 register/latch pin with no clock driven by root clock pin: u_pid_contorl/AD_output_reg[3]_C/Q (HIGH)

 There is 1 register/latch pin with no clock driven by root clock pin: u_pid_contorl/AD_output_reg[3]_P/Q (HIGH)

 There is 1 register/latch pin with no clock driven by root clock pin: u_pid_contorl/AD_output_reg[4]_C/Q (HIGH)

 There is 1 register/latch pin with no clock driven by root clock pin: u_pid_contorl/AD_output_reg[4]_P/Q (HIGH)

 There is 1 register/latch pin with no clock driven by root clock pin: u_pid_contorl/AD_output_reg[5]_C/Q (HIGH)

 There is 1 register/latch pin with no clock driven by root clock pin: u_pid_contorl/AD_output_reg[5]_P/Q (HIGH)

 There is 1 register/latch pin with no clock driven by root clock pin: u_pid_contorl/AD_output_reg[6]_C/Q (HIGH)

 There is 1 register/latch pin with no clock driven by root clock pin: u_pid_contorl/AD_output_reg[6]_P/Q (HIGH)

 There is 1 register/latch pin with no clock driven by root clock pin: u_pid_contorl/AD_output_reg[7]_C/Q (HIGH)

 There is 1 register/latch pin with no clock driven by root clock pin: u_pid_contorl/AD_output_reg[7]_P/Q (HIGH)

 There is 1 register/latch pin with no clock driven by root clock pin: u_pid_contorl/AD_output_reg[8]_C/Q (HIGH)

 There is 1 register/latch pin with no clock driven by root clock pin: u_pid_contorl/AD_output_reg[8]_P/Q (HIGH)

 There is 1 register/latch pin with no clock driven by root clock pin: u_pid_contorl/AD_output_reg[9]_C/Q (HIGH)

 There is 1 register/latch pin with no clock driven by root clock pin: u_pid_contorl/AD_output_reg[9]_P/Q (HIGH)

 There is 1 register/latch pin with no clock driven by root clock pin: uart_top_new/channel_reg[0]_C/Q (HIGH)

 There is 1 register/latch pin with no clock driven by root clock pin: uart_top_new/channel_reg[0]_P/Q (HIGH)

 There is 1 register/latch pin with no clock driven by root clock pin: uart_top_new/channel_reg[1]_C/Q (HIGH)

 There is 1 register/latch pin with no clock driven by root clock pin: uart_top_new/channel_reg[1]_P/Q (HIGH)

 There is 1 register/latch pin with no clock driven by root clock pin: uart_top_new/channel_reg[2]_C/Q (HIGH)

 There is 1 register/latch pin with no clock driven by root clock pin: uart_top_new/channel_reg[2]_P/Q (HIGH)

 There is 1 register/latch pin with no clock driven by root clock pin: uart_top_new/channel_reg[3]_C/Q (HIGH)

 There is 1 register/latch pin with no clock driven by root clock pin: uart_top_new/channel_reg[3]_P/Q (HIGH)

 There is 1 register/latch pin with no clock driven by root clock pin: uart_top_new/channel_reg[4]_C/Q (HIGH)

 There is 1 register/latch pin with no clock driven by root clock pin: uart_top_new/channel_reg[4]_P/Q (HIGH)

 There is 1 register/latch pin with no clock driven by root clock pin: uart_top_new/channel_reg[5]_C/Q (HIGH)

 There is 1 register/latch pin with no clock driven by root clock pin: uart_top_new/channel_reg[5]_P/Q (HIGH)

 There is 1 register/latch pin with no clock driven by root clock pin: uart_top_new/channel_reg[6]_C/Q (HIGH)

 There is 1 register/latch pin with no clock driven by root clock pin: uart_top_new/channel_reg[6]_P/Q (HIGH)

 There is 1 register/latch pin with no clock driven by root clock pin: uart_top_new/channel_reg[7]_C/Q (HIGH)

 There is 1 register/latch pin with no clock driven by root clock pin: uart_top_new/channel_reg[7]_P/Q (HIGH)

 There is 1 register/latch pin with no clock driven by root clock pin: uart_top_new/value_reg[0]_C/Q (HIGH)

 There is 1 register/latch pin with no clock driven by root clock pin: uart_top_new/value_reg[0]_P/Q (HIGH)

 There is 1 register/latch pin with no clock driven by root clock pin: uart_top_new/value_reg[10]_C/Q (HIGH)

 There is 1 register/latch pin with no clock driven by root clock pin: uart_top_new/value_reg[10]_P/Q (HIGH)

 There is 1 register/latch pin with no clock driven by root clock pin: uart_top_new/value_reg[11]_C/Q (HIGH)

 There is 1 register/latch pin with no clock driven by root clock pin: uart_top_new/value_reg[11]_P/Q (HIGH)

 There is 1 register/latch pin with no clock driven by root clock pin: uart_top_new/value_reg[12]_C/Q (HIGH)

 There is 1 register/latch pin with no clock driven by root clock pin: uart_top_new/value_reg[12]_P/Q (HIGH)

 There is 1 register/latch pin with no clock driven by root clock pin: uart_top_new/value_reg[13]_C/Q (HIGH)

 There is 1 register/latch pin with no clock driven by root clock pin: uart_top_new/value_reg[13]_P/Q (HIGH)

 There is 1 register/latch pin with no clock driven by root clock pin: uart_top_new/value_reg[14]_C/Q (HIGH)

 There is 1 register/latch pin with no clock driven by root clock pin: uart_top_new/value_reg[14]_P/Q (HIGH)

 There is 1 register/latch pin with no clock driven by root clock pin: uart_top_new/value_reg[15]_C/Q (HIGH)

 There is 1 register/latch pin with no clock driven by root clock pin: uart_top_new/value_reg[15]_P/Q (HIGH)

 There is 1 register/latch pin with no clock driven by root clock pin: uart_top_new/value_reg[1]_C/Q (HIGH)

 There is 1 register/latch pin with no clock driven by root clock pin: uart_top_new/value_reg[1]_P/Q (HIGH)

 There is 1 register/latch pin with no clock driven by root clock pin: uart_top_new/value_reg[2]_C/Q (HIGH)

 There is 1 register/latch pin with no clock driven by root clock pin: uart_top_new/value_reg[2]_P/Q (HIGH)

 There is 1 register/latch pin with no clock driven by root clock pin: uart_top_new/value_reg[3]_C/Q (HIGH)

 There is 1 register/latch pin with no clock driven by root clock pin: uart_top_new/value_reg[3]_P/Q (HIGH)

 There is 1 register/latch pin with no clock driven by root clock pin: uart_top_new/value_reg[4]_C/Q (HIGH)

 There is 1 register/latch pin with no clock driven by root clock pin: uart_top_new/value_reg[4]_P/Q (HIGH)

 There is 1 register/latch pin with no clock driven by root clock pin: uart_top_new/value_reg[5]_C/Q (HIGH)

 There is 1 register/latch pin with no clock driven by root clock pin: uart_top_new/value_reg[5]_P/Q (HIGH)

 There is 1 register/latch pin with no clock driven by root clock pin: uart_top_new/value_reg[6]_C/Q (HIGH)

 There is 1 register/latch pin with no clock driven by root clock pin: uart_top_new/value_reg[6]_P/Q (HIGH)

 There is 1 register/latch pin with no clock driven by root clock pin: uart_top_new/value_reg[7]_C/Q (HIGH)

 There is 1 register/latch pin with no clock driven by root clock pin: uart_top_new/value_reg[7]_P/Q (HIGH)

 There is 1 register/latch pin with no clock driven by root clock pin: uart_top_new/value_reg[8]_C/Q (HIGH)

 There is 1 register/latch pin with no clock driven by root clock pin: uart_top_new/value_reg[8]_P/Q (HIGH)

 There is 1 register/latch pin with no clock driven by root clock pin: uart_top_new/value_reg[9]_C/Q (HIGH)

 There is 1 register/latch pin with no clock driven by root clock pin: uart_top_new/value_reg[9]_P/Q (HIGH)


2. checking constant_clock
--------------------------
 There are 0 register/latch pins with constant_clock.


3. checking pulse_width_clock
-----------------------------
 There are 0 register/latch pins which need pulse_width check


4. checking unconstrained_internal_endpoints
--------------------------------------------
 There are 6844 pins that are not constrained for maximum delay. (HIGH)

 There are 0 pins that are not constrained for maximum delay due to constant clock.


5. checking no_input_delay
--------------------------
 There are 19 input ports with no input delay specified. (HIGH)

 There are 0 input ports with no input delay but user has a false path constraint.


6. checking no_output_delay
---------------------------
 There are 11 ports with no output delay specified. (HIGH)

 There are 0 ports with no output delay but user has a false path constraint

 There are 0 ports with no output delay but with a timing clock defined on it or propagating through it


7. checking multiple_clock
--------------------------
 There are 0 register/latch pins with multiple clocks.


8. checking generated_clocks
----------------------------
 There are 0 generated clocks that are not connected to a clock source.


9. checking loops
-----------------
 There are 0 combinational loops in the design.


10. checking partial_input_delay
--------------------------------
 There are 0 input ports with partial input delay specified.


11. checking partial_output_delay
---------------------------------
 There are 0 ports with partial output delay specified.


12. checking latch_loops
------------------------
 There are 0 combinational latch loops in the design through latch input



------------------------------------------------------------------------------------------------
| Design Timing Summary
| ---------------------
------------------------------------------------------------------------------------------------

    WNS(ns)      TNS(ns)  TNS Failing Endpoints  TNS Total Endpoints      WHS(ns)      THS(ns)  THS Failing Endpoints  THS Total Endpoints     WPWS(ns)     TPWS(ns)  TPWS Failing Endpoints  TPWS Total Endpoints  
    -------      -------  ---------------------  -------------------      -------      -------  ---------------------  -------------------     --------     --------  ----------------------  --------------------  
         NA           NA                     NA                   NA           NA           NA                     NA                   NA           NA           NA                      NA                    NA  


There are no user specified timing constraints.


------------------------------------------------------------------------------------------------
| Clock Summary
| -------------
------------------------------------------------------------------------------------------------


------------------------------------------------------------------------------------------------
| Intra Clock Table
| -----------------
------------------------------------------------------------------------------------------------

Clock             WNS(ns)      TNS(ns)  TNS Failing Endpoints  TNS Total Endpoints      WHS(ns)      THS(ns)  THS Failing Endpoints  THS Total Endpoints     WPWS(ns)     TPWS(ns)  TPWS Failing Endpoints  TPWS Total Endpoints  
-----             -------      -------  ---------------------  -------------------      -------      -------  ---------------------  -------------------     --------     --------  ----------------------  --------------------  


------------------------------------------------------------------------------------------------
| Inter Clock Table
| -----------------
------------------------------------------------------------------------------------------------

From Clock    To Clock          WNS(ns)      TNS(ns)  TNS Failing Endpoints  TNS Total Endpoints      WHS(ns)      THS(ns)  THS Failing Endpoints  THS Total Endpoints  
----------    --------          -------      -------  ---------------------  -------------------      -------      -------  ---------------------  -------------------  


------------------------------------------------------------------------------------------------
| Other Path Groups Table
| -----------------------
------------------------------------------------------------------------------------------------

Path Group    From Clock    To Clock          WNS(ns)      TNS(ns)  TNS Failing Endpoints  TNS Total Endpoints      WHS(ns)      THS(ns)  THS Failing Endpoints  THS Total Endpoints  
----------    ----------    --------          -------      -------  ---------------------  -------------------      -------      -------  ---------------------  -------------------  


------------------------------------------------------------------------------------------------
| Timing Details
| --------------
------------------------------------------------------------------------------------------------


