#-----------------------------------------------------------
# Vivado v2017.4 (64-bit)
# SW Build 2086221 on Fri Dec 15 20:55:39 MST 2017
# IP Build 2085800 on Fri Dec 15 22:25:07 MST 2017
# Start of session at: Tue May  9 21:37:55 2023
# Process ID: 205628
# Current directory: C:/Users/Administrator/Desktop/xidian_4channel/xdu_4channel
# Command line: vivado.exe -gui_launcher_event rodinguilauncherevent189580 C:\Users\Administrator\Desktop\xidian_4channel\xdu_4channel\xdu_4channel.xpr
# Log file: C:/Users/Administrator/Desktop/xidian_4channel/xdu_4channel/vivado.log
# Journal file: C:/Users/Administrator/Desktop/xidian_4channel/xdu_4channel\vivado.jou
#-----------------------------------------------------------
start_gui
open_project C:/Users/Administrator/Desktop/xidian_4channel/xdu_4channel/xdu_4channel.xpr
Scanning sources...
Finished scanning sources
INFO: [IP_Flow 19-234] Refreshing IP repositories
INFO: [IP_Flow 19-1704] No user IP repositories specified
INFO: [IP_Flow 19-2313] Loaded Vivado IP repository 'D:/Xilinx/Vivado/2017.4/data/ip'.
reset_run synth_1
WARNING: [Vivado 12-1017] Problems encountered:
1. Failed to delete one or more files in run directory C:/Users/Administrator/Desktop/xidian_4channel/xdu_4channel/xdu_4channel.runs/synth_1

launch_runs impl_1 -to_step write_bitstream -jobs 20
INFO: [Vivado 12-4149] The synthesis checkpoint for IP 'C:/Users/Administrator/Desktop/xidian_4channel/xdu_4channel/xdu_4channel.srcs/sources_1/ip/MULTI_Voltage2temp/MULTI_Voltage2temp.xci' is already up-to-date
[Tue May  9 21:38:09 2023] Launched synth_1...
Run output will be captured here: C:/Users/Administrator/Desktop/xidian_4channel/xdu_4channel/xdu_4channel.runs/synth_1/runme.log
[Tue May  9 21:38:09 2023] Launched impl_1...
Run output will be captured here: C:/Users/Administrator/Desktop/xidian_4channel/xdu_4channel/xdu_4channel.runs/impl_1/runme.log
open_hw
connect_hw_server
INFO: [Labtools 27-2285] Connecting to hw_server url TCP:localhost:3121
INFO: [Labtools 27-2222] Launching hw_server...
INFO: [Labtools 27-2221] Launch Output:

****** Xilinx hw_server v2017.4
  **** Build date : Dec 15 2017-21:08:27
    ** Copyright 1986-2017 Xilinx, Inc. All Rights Reserved.


open_hw_target
INFO: [Labtoolstcl 44-466] Opening hw_target localhost:3121/xilinx_tcf/Digilent/210512180081
set_property PROGRAM.FILE {C:/Users/Administrator/Desktop/xidian_4channel/xdu_4channel/xdu_4channel.runs/impl_1/Multi_Channel_top.bit} [get_hw_devices xc7a35t_0]
set_property PROBES.FILE {C:/Users/Administrator/Desktop/xidian_4channel/xdu_4channel/xdu_4channel.runs/impl_1/Multi_Channel_top.ltx} [get_hw_devices xc7a35t_0]
set_property FULL_PROBES.FILE {C:/Users/Administrator/Desktop/xidian_4channel/xdu_4channel/xdu_4channel.runs/impl_1/Multi_Channel_top.ltx} [get_hw_devices xc7a35t_0]
current_hw_device [get_hw_devices xc7a35t_0]
refresh_hw_device [lindex [get_hw_devices xc7a35t_0] 0]
INFO: [Labtools 27-1434] Device xc7a35t (JTAG device index = 0) is programmed with a design that has no supported debug core(s) in it.
WARNING: [Labtools 27-3361] The debug hub core was not detected.
Resolution: 
1. Make sure the clock connected to the debug hub (dbg_hub) core is a free running clock and is active.
2. Make sure the BSCAN_SWITCH_USER_MASK device property in Vivado Hardware Manager reflects the user scan chain setting in the design and refresh the device.  To determine the user scan chain setting in the design, open the implemented design and use 'get_property C_USER_SCAN_CHAIN [get_debug_cores dbg_hub]'.
For more details on setting the scan chain property, consult the Vivado Debug and Programming User Guide (UG908).
WARNING: [Labtools 27-3403] Dropping logic core with cellname:'u_ila_0' from probes file, since it cannot be found on the programmed device.
set_property PROBES.FILE {C:/Users/Administrator/Desktop/xidian_4channel/xdu_4channel/xdu_4channel.runs/impl_1/Multi_Channel_top.ltx} [get_hw_devices xc7a35t_0]
set_property FULL_PROBES.FILE {C:/Users/Administrator/Desktop/xidian_4channel/xdu_4channel/xdu_4channel.runs/impl_1/Multi_Channel_top.ltx} [get_hw_devices xc7a35t_0]
set_property PROGRAM.FILE {C:/Users/Administrator/Desktop/xidian_4channel/xdu_4channel/xdu_4channel.runs/impl_1/Multi_Channel_top.bit} [get_hw_devices xc7a35t_0]
program_hw_devices [get_hw_devices xc7a35t_0]
INFO: [Labtools 27-3164] End of startup status: HIGH
refresh_hw_device [lindex [get_hw_devices xc7a35t_0] 0]
INFO: [Labtools 27-2302] Device xc7a35t (JTAG device index = 0) is programmed with a design that has 1 ILA core(s).
display_hw_ila_data [ get_hw_ila_data hw_ila_data_1 -of_objects [get_hw_ilas -of_objects [get_hw_devices xc7a35t_0] -filter {CELL_NAME=~"u_ila_0"}]]
INFO: [Labtools 27-3304] ILA Waveform data saved to file C:/Users/Administrator/Desktop/xidian_4channel/xdu_4channel/xdu_4channel.hw/backup/hw_ila_data_1.ila. Use Tcl command 'import_hw_ila_data' or Vivado File->Import->Import ILA Data menu item to import the previously saved data.
ERROR: [Labtoolstcl 44-513] HW Target shutdown. Closing target: localhost:3121/xilinx_tcf/Digilent/210512180081
INFO: [Labtoolstcl 44-466] Opening hw_target localhost:3121/xilinx_tcf/Digilent/210512180081
INFO: [Common 17-41] Interrupt caught. Command should exit soon.
