#-----------------------------------------------------------
# Vivado v2017.4 (64-bit)
# SW Build 2086221 on Fri Dec 15 20:55:39 MST 2017
# IP Build 2085800 on Fri Dec 15 22:25:07 MST 2017
# Start of session at: Tue May  9 21:11:59 2023
# Process ID: 134572
# Current directory: C:/Users/Administrator/Desktop/xidian_4channel/xdu_4channel
# Command line: vivado.exe -gui_launcher_event rodinguilauncherevent17092 C:\Users\Administrator\Desktop\xidian_4channel\xdu_4channel\xdu_4channel.xpr
# Log file: C:/Users/Administrator/Desktop/xidian_4channel/xdu_4channel/vivado.log
# Journal file: C:/Users/Administrator/Desktop/xidian_4channel/xdu_4channel\vivado.jou
#-----------------------------------------------------------
start_gui
open_project C:/Users/Administrator/Desktop/xidian_4channel/xdu_4channel/xdu_4channel.xpr
Scanning sources...
Finished scanning sources
INFO: [IP_Flow 19-234] Refreshing IP repositories
INFO: [IP_Flow 19-1704] No user IP repositories specified
INFO: [IP_Flow 19-2313] Loaded Vivado IP repository 'D:/Xilinx/Vivado/2017.4/data/ip'.
open_hw
connect_hw_server
INFO: [Labtools 27-2285] Connecting to hw_server url TCP:localhost:3121
INFO: [Common 17-41] Interrupt caught. Command should exit soon.
