#-----------------------------------------------------------
# Vivado v2017.4 (64-bit)
# SW Build 2086221 on Fri Dec 15 20:55:39 MST 2017
# IP Build 2085800 on Fri Dec 15 22:25:07 MST 2017
# Start of session at: Fri May 12 19:31:14 2023
# Process ID: 13060
# Current directory: C:/Users/Administrator/Desktop/xidian_4channel/xdu_4channel
# Command line: vivado.exe -gui_launcher_event rodinguilauncherevent12580 C:\Users\Administrator\Desktop\xidian_4channel\xdu_4channel\xdu_4channel.xpr
# Log file: C:/Users/Administrator/Desktop/xidian_4channel/xdu_4channel/vivado.log
# Journal file: C:/Users/Administrator/Desktop/xidian_4channel/xdu_4channel\vivado.jou
#-----------------------------------------------------------
start_gui
open_project C:/Users/Administrator/Desktop/xidian_4channel/xdu_4channel/xdu_4channel.xpr
Scanning sources...
Finished scanning sources
INFO: [IP_Flow 19-234] Refreshing IP repositories
INFO: [IP_Flow 19-1704] No user IP repositories specified
INFO: [IP_Flow 19-2313] Loaded Vivado IP repository 'D:/Xilinx/Vivado/2017.4/data/ip'.
open_project: Time (s): cpu = 00:00:09 ; elapsed = 00:00:06 . Memory (MB): peak = 959.391 ; gain = 198.961
open_hw
connect_hw_server
INFO: [Labtools 27-2285] Connecting to hw_server url TCP:localhost:3121
INFO: [Labtools 27-2222] Launching hw_server...
INFO: [Labtools 27-2221] Launch Output:

****** Xilinx hw_server v2017.4
  **** Build date : Dec 15 2017-21:08:27
    ** Copyright 1986-2017 Xilinx, Inc. All Rights Reserved.


open_hw_target
INFO: [Labtoolstcl 44-466] Opening hw_target localhost:3121/xilinx_tcf/Digilent/210512180081
ERROR: [Labtools 27-2269] No devices detected on target localhost:3121/xilinx_tcf/Digilent/210512180081.
Check cable connectivity and that the target board is powered up then
use the disconnect_hw_server and connect_hw_server to re-register this hardware target.
ERROR: [Common 17-39] 'open_hw_target' failed due to earlier errors.
set_property PROBES.FILE {C:/Users/Administrator/Desktop/xidian_4channel/xdu_4channel/xdu_4channel.runs/impl_1/Multi_Channel_top.ltx} [get_hw_devices xc7a35t_0]
set_property FULL_PROBES.FILE {C:/Users/Administrator/Desktop/xidian_4channel/xdu_4channel/xdu_4channel.runs/impl_1/Multi_Channel_top.ltx} [get_hw_devices xc7a35t_0]
set_property PROGRAM.FILE {C:/Users/Administrator/Desktop/xidian_4channel/xdu_4channel/xdu_4channel.runs/impl_1/Multi_Channel_top.bit} [get_hw_devices xc7a35t_0]
program_hw_devices [get_hw_devices xc7a35t_0]
INFO: [Labtools 27-3164] End of startup status: HIGH
refresh_hw_device [lindex [get_hw_devices xc7a35t_0] 0]
INFO: [Labtools 27-2302] Device xc7a35t (JTAG device index = 0) is programmed with a design that has 1 ILA core(s).
display_hw_ila_data [ get_hw_ila_data hw_ila_data_1 -of_objects [get_hw_ilas -of_objects [get_hw_devices xc7a35t_0] -filter {CELL_NAME=~"u_ila_0"}]]
INFO: [Labtools 27-3304] ILA Waveform data saved to file C:/Users/Administrator/Desktop/xidian_4channel/xdu_4channel/xdu_4channel.hw/backup/hw_ila_data_1.ila. Use Tcl command 'import_hw_ila_data' or Vivado File->Import->Import ILA Data menu item to import the previously saved data.
run_hw_ila [get_hw_ilas -of_objects [get_hw_devices xc7a35t_0] -filter {CELL_NAME=~"u_ila_0"}]
INFO: [Labtools 27-1964] The ILA core 'hw_ila_1' trigger was armed at 2023-May-12 19:34:42
wait_on_hw_ila [get_hw_ilas -of_objects [get_hw_devices xc7a35t_0] -filter {CELL_NAME=~"u_ila_0"}]
display_hw_ila_data [upload_hw_ila_data [get_hw_ilas -of_objects [get_hw_devices xc7a35t_0] -filter {CELL_NAME=~"u_ila_0"}]]
INFO: [Labtools 27-1966] The ILA core 'hw_ila_1' triggered at 2023-May-12 19:34:42
INFO: [Labtools 27-3304] ILA Waveform data saved to file C:/Users/Administrator/Desktop/xidian_4channel/xdu_4channel/xdu_4channel.hw/backup/hw_ila_data_1.ila. Use Tcl command 'import_hw_ila_data' or Vivado File->Import->Import ILA Data menu item to import the previously saved data.
reset_run synth_1
launch_runs impl_1 -to_step write_bitstream -jobs 20
INFO: [Vivado 12-4149] The synthesis checkpoint for IP 'C:/Users/Administrator/Desktop/xidian_4channel/xdu_4channel/xdu_4channel.srcs/sources_1/ip/MULTI_Voltage2temp/MULTI_Voltage2temp.xci' is already up-to-date
[Fri May 12 19:55:05 2023] Launched synth_1...
Run output will be captured here: C:/Users/Administrator/Desktop/xidian_4channel/xdu_4channel/xdu_4channel.runs/synth_1/runme.log
[Fri May 12 19:55:05 2023] Launched impl_1...
Run output will be captured here: C:/Users/Administrator/Desktop/xidian_4channel/xdu_4channel/xdu_4channel.runs/impl_1/runme.log
ERROR: [Labtoolstcl 44-513] HW Target shutdown. Closing target: localhost:3121/xilinx_tcf/Digilent/210512180081
INFO: [Labtoolstcl 44-466] Opening hw_target localhost:3121/xilinx_tcf/Digilent/210512180081
INFO: [Labtools 27-1434] Device xc7a35t (JTAG device index = 0) is programmed with a design that has no supported debug core(s) in it.
WARNING: [Labtools 27-3361] The debug hub core was not detected.
Resolution: 
1. Make sure the clock connected to the debug hub (dbg_hub) core is a free running clock and is active.
2. Make sure the BSCAN_SWITCH_USER_MASK device property in Vivado Hardware Manager reflects the user scan chain setting in the design and refresh the device.  To determine the user scan chain setting in the design, open the implemented design and use 'get_property C_USER_SCAN_CHAIN [get_debug_cores dbg_hub]'.
For more details on setting the scan chain property, consult the Vivado Debug and Programming User Guide (UG908).
WARNING: [Labtools 27-3403] Dropping logic core with cellname:'u_ila_0' from probes file, since it cannot be found on the programmed device.
WARNING: [Labtoolstcl 44-129] No matching hw_ila_data was found.
set_property PROBES.FILE {C:/Users/Administrator/Desktop/xidian_4channel/xdu_4channel/xdu_4channel.runs/impl_1/Multi_Channel_top.ltx} [get_hw_devices xc7a35t_0]
set_property FULL_PROBES.FILE {C:/Users/Administrator/Desktop/xidian_4channel/xdu_4channel/xdu_4channel.runs/impl_1/Multi_Channel_top.ltx} [get_hw_devices xc7a35t_0]
set_property PROGRAM.FILE {C:/Users/Administrator/Desktop/xidian_4channel/xdu_4channel/xdu_4channel.runs/impl_1/Multi_Channel_top.bit} [get_hw_devices xc7a35t_0]
program_hw_devices [get_hw_devices xc7a35t_0]
INFO: [Labtools 27-3164] End of startup status: HIGH
refresh_hw_device [lindex [get_hw_devices xc7a35t_0] 0]
INFO: [Labtools 27-2302] Device xc7a35t (JTAG device index = 0) is programmed with a design that has 1 ILA core(s).
display_hw_ila_data [ get_hw_ila_data hw_ila_data_1 -of_objects [get_hw_ilas -of_objects [get_hw_devices xc7a35t_0] -filter {CELL_NAME=~"u_ila_0"}]]
INFO: [Labtools 27-3304] ILA Waveform data saved to file C:/Users/Administrator/Desktop/xidian_4channel/xdu_4channel/xdu_4channel.hw/backup/hw_ila_data_1.ila. Use Tcl command 'import_hw_ila_data' or Vivado File->Import->Import ILA Data menu item to import the previously saved data.
ERROR: [Labtoolstcl 44-513] HW Target shutdown. Closing target: localhost:3121/xilinx_tcf/Digilent/210512180081
reset_run synth_1
launch_runs impl_1 -to_step write_bitstream -jobs 20
INFO: [Vivado 12-4149] The synthesis checkpoint for IP 'C:/Users/Administrator/Desktop/xidian_4channel/xdu_4channel/xdu_4channel.srcs/sources_1/ip/MULTI_Voltage2temp/MULTI_Voltage2temp.xci' is already up-to-date
[Fri May 12 20:20:22 2023] Launched synth_1...
Run output will be captured here: C:/Users/Administrator/Desktop/xidian_4channel/xdu_4channel/xdu_4channel.runs/synth_1/runme.log
[Fri May 12 20:20:22 2023] Launched impl_1...
Run output will be captured here: C:/Users/Administrator/Desktop/xidian_4channel/xdu_4channel/xdu_4channel.runs/impl_1/runme.log
INFO: [Labtoolstcl 44-466] Opening hw_target localhost:3121/xilinx_tcf/Digilent/210512180081
INFO: [Labtools 27-1435] Device xc7a35t (JTAG device index = 0) is not programmed (DONE status = 0).
WARNING: [Labtoolstcl 44-129] No matching hw_ila_data was found.
set_property PROBES.FILE {C:/Users/Administrator/Desktop/xidian_4channel/xdu_4channel/xdu_4channel.runs/impl_1/Multi_Channel_top.ltx} [get_hw_devices xc7a35t_0]
set_property FULL_PROBES.FILE {C:/Users/Administrator/Desktop/xidian_4channel/xdu_4channel/xdu_4channel.runs/impl_1/Multi_Channel_top.ltx} [get_hw_devices xc7a35t_0]
set_property PROGRAM.FILE {C:/Users/Administrator/Desktop/xidian_4channel/xdu_4channel/xdu_4channel.runs/impl_1/Multi_Channel_top.bit} [get_hw_devices xc7a35t_0]
program_hw_devices [get_hw_devices xc7a35t_0]
INFO: [Labtools 27-3164] End of startup status: HIGH
refresh_hw_device [lindex [get_hw_devices xc7a35t_0] 0]
INFO: [Labtools 27-2302] Device xc7a35t (JTAG device index = 0) is programmed with a design that has 1 ILA core(s).
display_hw_ila_data [ get_hw_ila_data hw_ila_data_1 -of_objects [get_hw_ilas -of_objects [get_hw_devices xc7a35t_0] -filter {CELL_NAME=~"u_ila_0"}]]
INFO: [Labtools 27-3304] ILA Waveform data saved to file C:/Users/Administrator/Desktop/xidian_4channel/xdu_4channel/xdu_4channel.hw/backup/hw_ila_data_1.ila. Use Tcl command 'import_hw_ila_data' or Vivado File->Import->Import ILA Data menu item to import the previously saved data.
ERROR: [Labtoolstcl 44-513] HW Target shutdown. Closing target: localhost:3121/xilinx_tcf/Digilent/210512180081
INFO: [Labtoolstcl 44-466] Opening hw_target localhost:3121/xilinx_tcf/Digilent/210512180081
ERROR: [Labtools 27-2269] No devices detected on target localhost:3121/xilinx_tcf/Digilent/210512180081.
Check cable connectivity and that the target board is powered up then
use the disconnect_hw_server and connect_hw_server to re-register this hardware target.
ERROR: [Common 17-39] 'open_hw_target' failed due to earlier errors.
INFO: [Labtools 27-1434] Device xc7a35t (JTAG device index = 0) is programmed with a design that has no supported debug core(s) in it.
WARNING: [Labtools 27-3361] The debug hub core was not detected.
Resolution: 
1. Make sure the clock connected to the debug hub (dbg_hub) core is a free running clock and is active.
2. Make sure the BSCAN_SWITCH_USER_MASK device property in Vivado Hardware Manager reflects the user scan chain setting in the design and refresh the device.  To determine the user scan chain setting in the design, open the implemented design and use 'get_property C_USER_SCAN_CHAIN [get_debug_cores dbg_hub]'.
For more details on setting the scan chain property, consult the Vivado Debug and Programming User Guide (UG908).
WARNING: [Labtools 27-3403] Dropping logic core with cellname:'u_ila_0' from probes file, since it cannot be found on the programmed device.
WARNING: [Labtoolstcl 44-129] No matching hw_ila_data was found.
ERROR: [Labtoolstcl 44-513] HW Target shutdown. Closing target: localhost:3121/xilinx_tcf/Digilent/210512180081
INFO: [Labtoolstcl 44-466] Opening hw_target localhost:3121/xilinx_tcf/Digilent/210512180081
INFO: [Labtools 27-1434] Device xc7a35t (JTAG device index = 0) is programmed with a design that has no supported debug core(s) in it.
WARNING: [Labtools 27-3361] The debug hub core was not detected.
Resolution: 
1. Make sure the clock connected to the debug hub (dbg_hub) core is a free running clock and is active.
2. Make sure the BSCAN_SWITCH_USER_MASK device property in Vivado Hardware Manager reflects the user scan chain setting in the design and refresh the device.  To determine the user scan chain setting in the design, open the implemented design and use 'get_property C_USER_SCAN_CHAIN [get_debug_cores dbg_hub]'.
For more details on setting the scan chain property, consult the Vivado Debug and Programming User Guide (UG908).
WARNING: [Labtools 27-3403] Dropping logic core with cellname:'u_ila_0' from probes file, since it cannot be found on the programmed device.
WARNING: [Labtoolstcl 44-129] No matching hw_ila_data was found.
ERROR: [Labtoolstcl 44-513] HW Target shutdown. Closing target: localhost:3121/xilinx_tcf/Digilent/210512180081
reset_run synth_1
launch_runs synth_1 -jobs 20
INFO: [Vivado 12-4149] The synthesis checkpoint for IP 'C:/Users/Administrator/Desktop/xidian_4channel/xdu_4channel/xdu_4channel.srcs/sources_1/ip/MULTI_Voltage2temp/MULTI_Voltage2temp.xci' is already up-to-date
[Fri May 12 20:32:16 2023] Launched synth_1...
Run output will be captured here: C:/Users/Administrator/Desktop/xidian_4channel/xdu_4channel/xdu_4channel.runs/synth_1/runme.log
open_run synth_1 -name synth_1
Design is defaulting to impl run constrset: constrs_1
Design is defaulting to synth run part: xc7a35tfgg484-2
INFO: [Project 1-454] Reading design checkpoint 'c:/Users/Administrator/Desktop/xidian_4channel/xdu_4channel/xdu_4channel.srcs/sources_1/ip/DAC_fifo/DAC_fifo.dcp' for cell 'DAC_1/DAC_fifo_new'
INFO: [Project 1-454] Reading design checkpoint 'c:/Users/Administrator/Desktop/xidian_4channel/xdu_4channel/xdu_4channel.srcs/sources_1/ip/MULTI_Voltage2temp/MULTI_Voltage2temp.dcp' for cell 'Voltage2Temp/MULTI_Voltage2temp_new'
INFO: [Project 1-454] Reading design checkpoint 'c:/Users/Administrator/Desktop/xidian_4channel/xdu_4channel/xdu_4channel.srcs/sources_1/ip/Mul_P/Mul_P.dcp' for cell 'u_pid_contorl/Mul_P'
INFO: [Project 1-454] Reading design checkpoint 'c:/Users/Administrator/Desktop/xidian_4channel/xdu_4channel/xdu_4channel.srcs/sources_1/ip/Mul_PID/Mul_PID.dcp' for cell 'u_pid_contorl/Mul_PID_D'
INFO: [Project 1-454] Reading design checkpoint 'c:/Users/Administrator/Desktop/xidian_4channel/xdu_4channel/xdu_4channel.srcs/sources_1/ip/PID_SUB/PID_SUB.dcp' for cell 'u_pid_contorl/PID_SUB_1_d'
INFO: [Project 1-454] Reading design checkpoint 'c:/Users/Administrator/Desktop/xidian_4channel/xdu_4channel/xdu_4channel.srcs/sources_1/ip/PID_adder/PID_adder.dcp' for cell 'u_pid_contorl/PID_adder'
INFO: [Project 1-454] Reading design checkpoint 'c:/Users/Administrator/Desktop/xidian_4channel/xdu_4channel/xdu_4channel.srcs/sources_1/ip/uart_send_fifo/uart_send_fifo.dcp' for cell 'uart_top_new/uart_send_fifo_new'
INFO: [Netlist 29-17] Analyzing 155 Unisim elements for replacement
INFO: [Netlist 29-28] Unisim Transformation completed in 0 CPU seconds
INFO: [Project 1-479] Netlist was created with Vivado 2017.4
INFO: [Device 21-403] Loading part xc7a35tfgg484-2
INFO: [Project 1-570] Preparing netlist for logic optimization
Parsing XDC File [c:/Users/Administrator/Desktop/xidian_4channel/xdu_4channel/xdu_4channel.srcs/sources_1/ip/DAC_fifo/DAC_fifo.xdc] for cell 'DAC_1/DAC_fifo_new/U0'
Finished Parsing XDC File [c:/Users/Administrator/Desktop/xidian_4channel/xdu_4channel/xdu_4channel.srcs/sources_1/ip/DAC_fifo/DAC_fifo.xdc] for cell 'DAC_1/DAC_fifo_new/U0'
Parsing XDC File [c:/Users/Administrator/Desktop/xidian_4channel/xdu_4channel/xdu_4channel.srcs/sources_1/ip/DAC_fifo/DAC_fifo.xdc] for cell 'DAC_2/DAC_fifo_new/U0'
Finished Parsing XDC File [c:/Users/Administrator/Desktop/xidian_4channel/xdu_4channel/xdu_4channel.srcs/sources_1/ip/DAC_fifo/DAC_fifo.xdc] for cell 'DAC_2/DAC_fifo_new/U0'
Parsing XDC File [c:/Users/Administrator/Desktop/xidian_4channel/xdu_4channel/xdu_4channel.srcs/sources_1/ip/uart_send_fifo/uart_send_fifo.xdc] for cell 'uart_top_new/uart_send_fifo_new/U0'
Finished Parsing XDC File [c:/Users/Administrator/Desktop/xidian_4channel/xdu_4channel/xdu_4channel.srcs/sources_1/ip/uart_send_fifo/uart_send_fifo.xdc] for cell 'uart_top_new/uart_send_fifo_new/U0'
Parsing XDC File [C:/Users/Administrator/Desktop/xidian_4channel/xdu_4channel/xdu_4channel.srcs/constrs_1/new/XDC.xdc]
WARNING: [Vivado 12-584] No ports matched 'AD_convstab_1B'. [C:/Users/Administrator/Desktop/xidian_4channel/xdu_4channel/xdu_4channel.srcs/constrs_1/new/XDC.xdc:49]
CRITICAL WARNING: [Common 17-55] 'set_property' expects at least one object. [C:/Users/Administrator/Desktop/xidian_4channel/xdu_4channel/xdu_4channel.srcs/constrs_1/new/XDC.xdc:49]
Resolution: If [get_<value>] was used to populate the object, check to make sure this command returns at least one valid object.
WARNING: [Vivado 12-584] No ports matched 'AD_convstab_1A'. [C:/Users/Administrator/Desktop/xidian_4channel/xdu_4channel/xdu_4channel.srcs/constrs_1/new/XDC.xdc:67]
CRITICAL WARNING: [Common 17-55] 'set_property' expects at least one object. [C:/Users/Administrator/Desktop/xidian_4channel/xdu_4channel/xdu_4channel.srcs/constrs_1/new/XDC.xdc:67]
Resolution: If [get_<value>] was used to populate the object, check to make sure this command returns at least one valid object.
WARNING: [Vivado 12-584] No ports matched 'AD_convstab_1B'. [C:/Users/Administrator/Desktop/xidian_4channel/xdu_4channel/xdu_4channel.srcs/constrs_1/new/XDC.xdc:68]
CRITICAL WARNING: [Common 17-55] 'set_property' expects at least one object. [C:/Users/Administrator/Desktop/xidian_4channel/xdu_4channel/xdu_4channel.srcs/constrs_1/new/XDC.xdc:68]
Resolution: If [get_<value>] was used to populate the object, check to make sure this command returns at least one valid object.
CRITICAL WARNING: [Vivado 12-1419] Debug core 'u_ila_0' was not found. [C:/Users/Administrator/Desktop/xidian_4channel/xdu_4channel/xdu_4channel.srcs/constrs_1/new/XDC.xdc:95]
WARNING: [Vivado 12-507] No nets matched 'target_temp[0]'. [C:/Users/Administrator/Desktop/xidian_4channel/xdu_4channel/xdu_4channel.srcs/constrs_1/new/XDC.xdc:99]
WARNING: [Vivado 12-507] No nets matched 'target_temp[1]'. [C:/Users/Administrator/Desktop/xidian_4channel/xdu_4channel/xdu_4channel.srcs/constrs_1/new/XDC.xdc:99]
WARNING: [Vivado 12-507] No nets matched 'target_temp[2]'. [C:/Users/Administrator/Desktop/xidian_4channel/xdu_4channel/xdu_4channel.srcs/constrs_1/new/XDC.xdc:99]
WARNING: [Vivado 12-507] No nets matched 'target_temp[3]'. [C:/Users/Administrator/Desktop/xidian_4channel/xdu_4channel/xdu_4channel.srcs/constrs_1/new/XDC.xdc:99]
WARNING: [Vivado 12-507] No nets matched 'target_temp[4]'. [C:/Users/Administrator/Desktop/xidian_4channel/xdu_4channel/xdu_4channel.srcs/constrs_1/new/XDC.xdc:99]
WARNING: [Vivado 12-507] No nets matched 'target_temp[5]'. [C:/Users/Administrator/Desktop/xidian_4channel/xdu_4channel/xdu_4channel.srcs/constrs_1/new/XDC.xdc:99]
WARNING: [Vivado 12-507] No nets matched 'target_temp[6]'. [C:/Users/Administrator/Desktop/xidian_4channel/xdu_4channel/xdu_4channel.srcs/constrs_1/new/XDC.xdc:99]
WARNING: [Vivado 12-507] No nets matched 'target_temp[7]'. [C:/Users/Administrator/Desktop/xidian_4channel/xdu_4channel/xdu_4channel.srcs/constrs_1/new/XDC.xdc:99]
WARNING: [Vivado 12-507] No nets matched 'target_temp[8]'. [C:/Users/Administrator/Desktop/xidian_4channel/xdu_4channel/xdu_4channel.srcs/constrs_1/new/XDC.xdc:99]
WARNING: [Vivado 12-507] No nets matched 'target_temp[9]'. [C:/Users/Administrator/Desktop/xidian_4channel/xdu_4channel/xdu_4channel.srcs/constrs_1/new/XDC.xdc:99]
WARNING: [Vivado 12-507] No nets matched 'target_temp[10]'. [C:/Users/Administrator/Desktop/xidian_4channel/xdu_4channel/xdu_4channel.srcs/constrs_1/new/XDC.xdc:99]
WARNING: [Vivado 12-507] No nets matched 'target_temp[11]'. [C:/Users/Administrator/Desktop/xidian_4channel/xdu_4channel/xdu_4channel.srcs/constrs_1/new/XDC.xdc:99]
WARNING: [Vivado 12-507] No nets matched 'target_temp[12]'. [C:/Users/Administrator/Desktop/xidian_4channel/xdu_4channel/xdu_4channel.srcs/constrs_1/new/XDC.xdc:99]
WARNING: [Vivado 12-507] No nets matched 'target_temp[13]'. [C:/Users/Administrator/Desktop/xidian_4channel/xdu_4channel/xdu_4channel.srcs/constrs_1/new/XDC.xdc:99]
WARNING: [Vivado 12-507] No nets matched 'target_temp[14]'. [C:/Users/Administrator/Desktop/xidian_4channel/xdu_4channel/xdu_4channel.srcs/constrs_1/new/XDC.xdc:99]
WARNING: [Vivado 12-507] No nets matched 'target_temp[15]'. [C:/Users/Administrator/Desktop/xidian_4channel/xdu_4channel/xdu_4channel.srcs/constrs_1/new/XDC.xdc:99]
CRITICAL WARNING: [Vivado 12-1419] Debug core 'u_ila_0' was not found. [C:/Users/Administrator/Desktop/xidian_4channel/xdu_4channel/xdu_4channel.srcs/constrs_1/new/XDC.xdc:99]
Finished Parsing XDC File [C:/Users/Administrator/Desktop/xidian_4channel/xdu_4channel/xdu_4channel.srcs/constrs_1/new/XDC.xdc]
INFO: [Opt 31-138] Pushed 0 inverter(s) to 0 load pin(s).
INFO: [Project 1-111] Unisim Transformation Summary:
No Unisim elements were transformed.

open_run: Time (s): cpu = 00:00:10 ; elapsed = 00:00:07 . Memory (MB): peak = 2136.969 ; gain = 462.027
delete_debug_core [get_debug_cores {u_ila_0 }]
create_debug_core u_ila_0 ila
set_property C_DATA_DEPTH 1024 [get_debug_cores u_ila_0]
set_property C_TRIGIN_EN false [get_debug_cores u_ila_0]
set_property C_TRIGOUT_EN false [get_debug_cores u_ila_0]
set_property C_ADV_TRIGGER false [get_debug_cores u_ila_0]
set_property C_INPUT_PIPE_STAGES 0 [get_debug_cores u_ila_0]
set_property C_EN_STRG_QUAL false [get_debug_cores u_ila_0]
set_property ALL_PROBE_SAME_MU true [get_debug_cores u_ila_0]
set_property ALL_PROBE_SAME_MU_CNT 1 [get_debug_cores u_ila_0]
startgroup 
set_property C_EN_STRG_QUAL true [get_debug_cores u_ila_0 ]
set_property C_ADV_TRIGGER true [get_debug_cores u_ila_0 ]
set_property ALL_PROBE_SAME_MU true [get_debug_cores u_ila_0 ]
set_property ALL_PROBE_SAME_MU_CNT 4 [get_debug_cores u_ila_0 ]
endgroup
set_property port_width 1 [get_debug_ports u_ila_0/clk]
connect_debug_port u_ila_0/clk [get_nets [list clk_IBUF_BUFG ]]
set_property port_width 16 [get_debug_ports u_ila_0/probe0]
set_property PROBE_TYPE DATA_AND_TRIGGER [get_debug_ports u_ila_0/probe0]
connect_debug_port u_ila_0/probe0 [get_nets [list {u_pid_contorl/D[0]} {u_pid_contorl/D[1]} {u_pid_contorl/D[2]} {u_pid_contorl/D[3]} {u_pid_contorl/D[4]} {u_pid_contorl/D[5]} {u_pid_contorl/D[6]} {u_pid_contorl/D[7]} {u_pid_contorl/D[8]} {u_pid_contorl/D[9]} {u_pid_contorl/D[10]} {u_pid_contorl/D[11]} {u_pid_contorl/D[12]} {u_pid_contorl/D[13]} {u_pid_contorl/D[14]} {u_pid_contorl/D[15]} ]]
create_debug_port u_ila_0 probe
set_property port_width 16 [get_debug_ports u_ila_0/probe1]
set_property PROBE_TYPE DATA_AND_TRIGGER [get_debug_ports u_ila_0/probe1]
connect_debug_port u_ila_0/probe1 [get_nets [list {u_pid_contorl/error_de[0]} {u_pid_contorl/error_de[1]} {u_pid_contorl/error_de[2]} {u_pid_contorl/error_de[3]} {u_pid_contorl/error_de[4]} {u_pid_contorl/error_de[5]} {u_pid_contorl/error_de[6]} {u_pid_contorl/error_de[7]} {u_pid_contorl/error_de[8]} {u_pid_contorl/error_de[9]} {u_pid_contorl/error_de[10]} {u_pid_contorl/error_de[11]} {u_pid_contorl/error_de[12]} {u_pid_contorl/error_de[13]} {u_pid_contorl/error_de[14]} {u_pid_contorl/error_de[15]} ]]
create_debug_port u_ila_0 probe
set_property port_width 16 [get_debug_ports u_ila_0/probe2]
set_property PROBE_TYPE DATA_AND_TRIGGER [get_debug_ports u_ila_0/probe2]
connect_debug_port u_ila_0/probe2 [get_nets [list {u_pid_contorl/last_error[0]} {u_pid_contorl/last_error[1]} {u_pid_contorl/last_error[2]} {u_pid_contorl/last_error[3]} {u_pid_contorl/last_error[4]} {u_pid_contorl/last_error[5]} {u_pid_contorl/last_error[6]} {u_pid_contorl/last_error[7]} {u_pid_contorl/last_error[8]} {u_pid_contorl/last_error[9]} {u_pid_contorl/last_error[10]} {u_pid_contorl/last_error[11]} {u_pid_contorl/last_error[12]} {u_pid_contorl/last_error[13]} {u_pid_contorl/last_error[14]} {u_pid_contorl/last_error[15]} ]]
save_constraints
launch_runs impl_1 -to_step write_bitstream -jobs 20
INFO: [Vivado 12-4149] The synthesis checkpoint for IP 'C:/Users/Administrator/Desktop/xidian_4channel/xdu_4channel/xdu_4channel.srcs/sources_1/ip/MULTI_Voltage2temp/MULTI_Voltage2temp.xci' is already up-to-date
Writing placer database...
Writing XDEF routing.
Writing XDEF routing logical nets.
Writing XDEF routing special nets.
Write XDEF Complete: Time (s): cpu = 00:00:00 ; elapsed = 00:00:00.027 . Memory (MB): peak = 2136.969 ; gain = 0.000
[Fri May 12 20:34:42 2023] Launched impl_1...
Run output will be captured here: C:/Users/Administrator/Desktop/xidian_4channel/xdu_4channel/xdu_4channel.runs/impl_1/runme.log
INFO: [Labtoolstcl 44-466] Opening hw_target localhost:3121/xilinx_tcf/Digilent/210512180081
INFO: [Labtools 27-1434] Device xc7a35t (JTAG device index = 0) is programmed with a design that has no supported debug core(s) in it.
WARNING: [Labtools 27-3361] The debug hub core was not detected.
Resolution: 
1. Make sure the clock connected to the debug hub (dbg_hub) core is a free running clock and is active.
2. Make sure the BSCAN_SWITCH_USER_MASK device property in Vivado Hardware Manager reflects the user scan chain setting in the design and refresh the device.  To determine the user scan chain setting in the design, open the implemented design and use 'get_property C_USER_SCAN_CHAIN [get_debug_cores dbg_hub]'.
For more details on setting the scan chain property, consult the Vivado Debug and Programming User Guide (UG908).
WARNING: [Labtools 27-3403] Dropping logic core with cellname:'u_ila_0' from probes file, since it cannot be found on the programmed device.
WARNING: [Labtoolstcl 44-129] No matching hw_ila_data was found.
set_property PROBES.FILE {C:/Users/Administrator/Desktop/xidian_4channel/xdu_4channel/xdu_4channel.runs/impl_1/Multi_Channel_top.ltx} [get_hw_devices xc7a35t_0]
set_property FULL_PROBES.FILE {C:/Users/Administrator/Desktop/xidian_4channel/xdu_4channel/xdu_4channel.runs/impl_1/Multi_Channel_top.ltx} [get_hw_devices xc7a35t_0]
set_property PROGRAM.FILE {C:/Users/Administrator/Desktop/xidian_4channel/xdu_4channel/xdu_4channel.runs/impl_1/Multi_Channel_top.bit} [get_hw_devices xc7a35t_0]
program_hw_devices [get_hw_devices xc7a35t_0]
INFO: [Labtools 27-3164] End of startup status: HIGH
refresh_hw_device [lindex [get_hw_devices xc7a35t_0] 0]
INFO: [Labtools 27-2302] Device xc7a35t (JTAG device index = 0) is programmed with a design that has 1 ILA core(s).
display_hw_ila_data [ get_hw_ila_data hw_ila_data_1 -of_objects [get_hw_ilas -of_objects [get_hw_devices xc7a35t_0] -filter {CELL_NAME=~"u_ila_0"}]]
WARNING: Simulation object u_pid_contorl/I was not found in the design.
WARNING: Simulation object u_pid_contorl/P was not found in the design.
WARNING: Simulation object u_pid_contorl/error_sum_1 was not found in the design.
INFO: [Labtools 27-3304] ILA Waveform data saved to file C:/Users/Administrator/Desktop/xidian_4channel/xdu_4channel/xdu_4channel.hw/backup/hw_ila_data_1.ila. Use Tcl command 'import_hw_ila_data' or Vivado File->Import->Import ILA Data menu item to import the previously saved data.
add_wave -into {hw_ila_data_1.wcfg} -radix hex { {u_ila_0_error_de} {u_pid_contorl/D} {u_pid_contorl/last_error} }
run_hw_ila [get_hw_ilas -of_objects [get_hw_devices xc7a35t_0] -filter {CELL_NAME=~"u_ila_0"}]
INFO: [Labtools 27-1964] The ILA core 'hw_ila_1' trigger was armed at 2023-May-12 20:37:12
wait_on_hw_ila [get_hw_ilas -of_objects [get_hw_devices xc7a35t_0] -filter {CELL_NAME=~"u_ila_0"}]
display_hw_ila_data [upload_hw_ila_data [get_hw_ilas -of_objects [get_hw_devices xc7a35t_0] -filter {CELL_NAME=~"u_ila_0"}]]
INFO: [Labtools 27-1966] The ILA core 'hw_ila_1' triggered at 2023-May-12 20:37:12
INFO: [Labtools 27-3304] ILA Waveform data saved to file C:/Users/Administrator/Desktop/xidian_4channel/xdu_4channel/xdu_4channel.hw/backup/hw_ila_data_1.ila. Use Tcl command 'import_hw_ila_data' or Vivado File->Import->Import ILA Data menu item to import the previously saved data.
run_hw_ila [get_hw_ilas -of_objects [get_hw_devices xc7a35t_0] -filter {CELL_NAME=~"u_ila_0"}]
INFO: [Labtools 27-1964] The ILA core 'hw_ila_1' trigger was armed at 2023-May-12 20:37:45
wait_on_hw_ila [get_hw_ilas -of_objects [get_hw_devices xc7a35t_0] -filter {CELL_NAME=~"u_ila_0"}]
display_hw_ila_data [upload_hw_ila_data [get_hw_ilas -of_objects [get_hw_devices xc7a35t_0] -filter {CELL_NAME=~"u_ila_0"}]]
INFO: [Labtools 27-1966] The ILA core 'hw_ila_1' triggered at 2023-May-12 20:37:45
INFO: [Labtools 27-3304] ILA Waveform data saved to file C:/Users/Administrator/Desktop/xidian_4channel/xdu_4channel/xdu_4channel.hw/backup/hw_ila_data_1.ila. Use Tcl command 'import_hw_ila_data' or Vivado File->Import->Import ILA Data menu item to import the previously saved data.
run_hw_ila [get_hw_ilas -of_objects [get_hw_devices xc7a35t_0] -filter {CELL_NAME=~"u_ila_0"}]
INFO: [Labtools 27-1964] The ILA core 'hw_ila_1' trigger was armed at 2023-May-12 20:37:58
wait_on_hw_ila [get_hw_ilas -of_objects [get_hw_devices xc7a35t_0] -filter {CELL_NAME=~"u_ila_0"}]
display_hw_ila_data [upload_hw_ila_data [get_hw_ilas -of_objects [get_hw_devices xc7a35t_0] -filter {CELL_NAME=~"u_ila_0"}]]
INFO: [Labtools 27-1966] The ILA core 'hw_ila_1' triggered at 2023-May-12 20:37:58
INFO: [Labtools 27-3304] ILA Waveform data saved to file C:/Users/Administrator/Desktop/xidian_4channel/xdu_4channel/xdu_4channel.hw/backup/hw_ila_data_1.ila. Use Tcl command 'import_hw_ila_data' or Vivado File->Import->Import ILA Data menu item to import the previously saved data.
run_hw_ila [get_hw_ilas -of_objects [get_hw_devices xc7a35t_0] -filter {CELL_NAME=~"u_ila_0"}]
INFO: [Labtools 27-1964] The ILA core 'hw_ila_1' trigger was armed at 2023-May-12 20:37:59
wait_on_hw_ila [get_hw_ilas -of_objects [get_hw_devices xc7a35t_0] -filter {CELL_NAME=~"u_ila_0"}]
display_hw_ila_data [upload_hw_ila_data [get_hw_ilas -of_objects [get_hw_devices xc7a35t_0] -filter {CELL_NAME=~"u_ila_0"}]]
INFO: [Labtools 27-1966] The ILA core 'hw_ila_1' triggered at 2023-May-12 20:37:59
INFO: [Labtools 27-3304] ILA Waveform data saved to file C:/Users/Administrator/Desktop/xidian_4channel/xdu_4channel/xdu_4channel.hw/backup/hw_ila_data_1.ila. Use Tcl command 'import_hw_ila_data' or Vivado File->Import->Import ILA Data menu item to import the previously saved data.
run_hw_ila [get_hw_ilas -of_objects [get_hw_devices xc7a35t_0] -filter {CELL_NAME=~"u_ila_0"}]
INFO: [Labtools 27-1964] The ILA core 'hw_ila_1' trigger was armed at 2023-May-12 20:38:41
wait_on_hw_ila [get_hw_ilas -of_objects [get_hw_devices xc7a35t_0] -filter {CELL_NAME=~"u_ila_0"}]
display_hw_ila_data [upload_hw_ila_data [get_hw_ilas -of_objects [get_hw_devices xc7a35t_0] -filter {CELL_NAME=~"u_ila_0"}]]
INFO: [Labtools 27-1966] The ILA core 'hw_ila_1' triggered at 2023-May-12 20:38:41
INFO: [Labtools 27-3304] ILA Waveform data saved to file C:/Users/Administrator/Desktop/xidian_4channel/xdu_4channel/xdu_4channel.hw/backup/hw_ila_data_1.ila. Use Tcl command 'import_hw_ila_data' or Vivado File->Import->Import ILA Data menu item to import the previously saved data.
run_hw_ila [get_hw_ilas -of_objects [get_hw_devices xc7a35t_0] -filter {CELL_NAME=~"u_ila_0"}]
INFO: [Labtools 27-1964] The ILA core 'hw_ila_1' trigger was armed at 2023-May-12 20:39:16
wait_on_hw_ila [get_hw_ilas -of_objects [get_hw_devices xc7a35t_0] -filter {CELL_NAME=~"u_ila_0"}]
display_hw_ila_data [upload_hw_ila_data [get_hw_ilas -of_objects [get_hw_devices xc7a35t_0] -filter {CELL_NAME=~"u_ila_0"}]]
INFO: [Labtools 27-1966] The ILA core 'hw_ila_1' triggered at 2023-May-12 20:39:17
INFO: [Labtools 27-3304] ILA Waveform data saved to file C:/Users/Administrator/Desktop/xidian_4channel/xdu_4channel/xdu_4channel.hw/backup/hw_ila_data_1.ila. Use Tcl command 'import_hw_ila_data' or Vivado File->Import->Import ILA Data menu item to import the previously saved data.
ERROR: [Labtoolstcl 44-513] HW Target shutdown. Closing target: localhost:3121/xilinx_tcf/Digilent/210512180081
INFO: [Labtoolstcl 44-466] Opening hw_target localhost:3121/xilinx_tcf/Digilent/210512180081
INFO: [Labtools 27-1434] Device xc7a35t (JTAG device index = 0) is programmed with a design that has no supported debug core(s) in it.
WARNING: [Labtools 27-3361] The debug hub core was not detected.
Resolution: 
1. Make sure the clock connected to the debug hub (dbg_hub) core is a free running clock and is active.
2. Make sure the BSCAN_SWITCH_USER_MASK device property in Vivado Hardware Manager reflects the user scan chain setting in the design and refresh the device.  To determine the user scan chain setting in the design, open the implemented design and use 'get_property C_USER_SCAN_CHAIN [get_debug_cores dbg_hub]'.
For more details on setting the scan chain property, consult the Vivado Debug and Programming User Guide (UG908).
WARNING: [Labtools 27-3403] Dropping logic core with cellname:'u_ila_0' from probes file, since it cannot be found on the programmed device.
WARNING: [Labtoolstcl 44-129] No matching hw_ila_data was found.
set_property PROBES.FILE {C:/Users/Administrator/Desktop/xidian_4channel/xdu_4channel/xdu_4channel.runs/impl_1/Multi_Channel_top.ltx} [get_hw_devices xc7a35t_0]
set_property FULL_PROBES.FILE {C:/Users/Administrator/Desktop/xidian_4channel/xdu_4channel/xdu_4channel.runs/impl_1/Multi_Channel_top.ltx} [get_hw_devices xc7a35t_0]
set_property PROGRAM.FILE {C:/Users/Administrator/Desktop/xidian_4channel/xdu_4channel/xdu_4channel.runs/impl_1/Multi_Channel_top.bit} [get_hw_devices xc7a35t_0]
program_hw_devices [get_hw_devices xc7a35t_0]
INFO: [Labtools 27-3164] End of startup status: HIGH
refresh_hw_device [lindex [get_hw_devices xc7a35t_0] 0]
INFO: [Labtools 27-2302] Device xc7a35t (JTAG device index = 0) is programmed with a design that has 1 ILA core(s).
display_hw_ila_data [ get_hw_ila_data hw_ila_data_1 -of_objects [get_hw_ilas -of_objects [get_hw_devices xc7a35t_0] -filter {CELL_NAME=~"u_ila_0"}]]
INFO: [Labtools 27-3304] ILA Waveform data saved to file C:/Users/Administrator/Desktop/xidian_4channel/xdu_4channel/xdu_4channel.hw/backup/hw_ila_data_1.ila. Use Tcl command 'import_hw_ila_data' or Vivado File->Import->Import ILA Data menu item to import the previously saved data.
run_hw_ila [get_hw_ilas -of_objects [get_hw_devices xc7a35t_0] -filter {CELL_NAME=~"u_ila_0"}]
INFO: [Labtools 27-1964] The ILA core 'hw_ila_1' trigger was armed at 2023-May-12 20:40:55
wait_on_hw_ila [get_hw_ilas -of_objects [get_hw_devices xc7a35t_0] -filter {CELL_NAME=~"u_ila_0"}]
display_hw_ila_data [upload_hw_ila_data [get_hw_ilas -of_objects [get_hw_devices xc7a35t_0] -filter {CELL_NAME=~"u_ila_0"}]]
INFO: [Labtools 27-1966] The ILA core 'hw_ila_1' triggered at 2023-May-12 20:40:55
INFO: [Labtools 27-3304] ILA Waveform data saved to file C:/Users/Administrator/Desktop/xidian_4channel/xdu_4channel/xdu_4channel.hw/backup/hw_ila_data_1.ila. Use Tcl command 'import_hw_ila_data' or Vivado File->Import->Import ILA Data menu item to import the previously saved data.
run_hw_ila [get_hw_ilas -of_objects [get_hw_devices xc7a35t_0] -filter {CELL_NAME=~"u_ila_0"}]
INFO: [Labtools 27-1964] The ILA core 'hw_ila_1' trigger was armed at 2023-May-12 20:40:57
wait_on_hw_ila [get_hw_ilas -of_objects [get_hw_devices xc7a35t_0] -filter {CELL_NAME=~"u_ila_0"}]
display_hw_ila_data [upload_hw_ila_data [get_hw_ilas -of_objects [get_hw_devices xc7a35t_0] -filter {CELL_NAME=~"u_ila_0"}]]
INFO: [Labtools 27-1966] The ILA core 'hw_ila_1' triggered at 2023-May-12 20:40:57
INFO: [Labtools 27-3304] ILA Waveform data saved to file C:/Users/Administrator/Desktop/xidian_4channel/xdu_4channel/xdu_4channel.hw/backup/hw_ila_data_1.ila. Use Tcl command 'import_hw_ila_data' or Vivado File->Import->Import ILA Data menu item to import the previously saved data.
run_hw_ila [get_hw_ilas -of_objects [get_hw_devices xc7a35t_0] -filter {CELL_NAME=~"u_ila_0"}]
INFO: [Labtools 27-1964] The ILA core 'hw_ila_1' trigger was armed at 2023-May-12 20:41:41
wait_on_hw_ila [get_hw_ilas -of_objects [get_hw_devices xc7a35t_0] -filter {CELL_NAME=~"u_ila_0"}]
display_hw_ila_data [upload_hw_ila_data [get_hw_ilas -of_objects [get_hw_devices xc7a35t_0] -filter {CELL_NAME=~"u_ila_0"}]]
INFO: [Labtools 27-1966] The ILA core 'hw_ila_1' triggered at 2023-May-12 20:41:41
INFO: [Labtools 27-3304] ILA Waveform data saved to file C:/Users/Administrator/Desktop/xidian_4channel/xdu_4channel/xdu_4channel.hw/backup/hw_ila_data_1.ila. Use Tcl command 'import_hw_ila_data' or Vivado File->Import->Import ILA Data menu item to import the previously saved data.
run_hw_ila [get_hw_ilas -of_objects [get_hw_devices xc7a35t_0] -filter {CELL_NAME=~"u_ila_0"}]
INFO: [Labtools 27-1964] The ILA core 'hw_ila_1' trigger was armed at 2023-May-12 20:43:13
wait_on_hw_ila [get_hw_ilas -of_objects [get_hw_devices xc7a35t_0] -filter {CELL_NAME=~"u_ila_0"}]
display_hw_ila_data [upload_hw_ila_data [get_hw_ilas -of_objects [get_hw_devices xc7a35t_0] -filter {CELL_NAME=~"u_ila_0"}]]
INFO: [Labtools 27-1966] The ILA core 'hw_ila_1' triggered at 2023-May-12 20:43:13
INFO: [Labtools 27-3304] ILA Waveform data saved to file C:/Users/Administrator/Desktop/xidian_4channel/xdu_4channel/xdu_4channel.hw/backup/hw_ila_data_1.ila. Use Tcl command 'import_hw_ila_data' or Vivado File->Import->Import ILA Data menu item to import the previously saved data.
run_hw_ila [get_hw_ilas -of_objects [get_hw_devices xc7a35t_0] -filter {CELL_NAME=~"u_ila_0"}]
INFO: [Labtools 27-1964] The ILA core 'hw_ila_1' trigger was armed at 2023-May-12 20:43:15
wait_on_hw_ila [get_hw_ilas -of_objects [get_hw_devices xc7a35t_0] -filter {CELL_NAME=~"u_ila_0"}]
display_hw_ila_data [upload_hw_ila_data [get_hw_ilas -of_objects [get_hw_devices xc7a35t_0] -filter {CELL_NAME=~"u_ila_0"}]]
INFO: [Labtools 27-1966] The ILA core 'hw_ila_1' triggered at 2023-May-12 20:43:15
INFO: [Labtools 27-3304] ILA Waveform data saved to file C:/Users/Administrator/Desktop/xidian_4channel/xdu_4channel/xdu_4channel.hw/backup/hw_ila_data_1.ila. Use Tcl command 'import_hw_ila_data' or Vivado File->Import->Import ILA Data menu item to import the previously saved data.
run_hw_ila [get_hw_ilas -of_objects [get_hw_devices xc7a35t_0] -filter {CELL_NAME=~"u_ila_0"}]
INFO: [Labtools 27-1964] The ILA core 'hw_ila_1' trigger was armed at 2023-May-12 20:43:16
wait_on_hw_ila [get_hw_ilas -of_objects [get_hw_devices xc7a35t_0] -filter {CELL_NAME=~"u_ila_0"}]
display_hw_ila_data [upload_hw_ila_data [get_hw_ilas -of_objects [get_hw_devices xc7a35t_0] -filter {CELL_NAME=~"u_ila_0"}]]
INFO: [Labtools 27-1966] The ILA core 'hw_ila_1' triggered at 2023-May-12 20:43:16
INFO: [Labtools 27-3304] ILA Waveform data saved to file C:/Users/Administrator/Desktop/xidian_4channel/xdu_4channel/xdu_4channel.hw/backup/hw_ila_data_1.ila. Use Tcl command 'import_hw_ila_data' or Vivado File->Import->Import ILA Data menu item to import the previously saved data.
run_hw_ila [get_hw_ilas -of_objects [get_hw_devices xc7a35t_0] -filter {CELL_NAME=~"u_ila_0"}]
INFO: [Labtools 27-1964] The ILA core 'hw_ila_1' trigger was armed at 2023-May-12 20:43:16
wait_on_hw_ila [get_hw_ilas -of_objects [get_hw_devices xc7a35t_0] -filter {CELL_NAME=~"u_ila_0"}]
display_hw_ila_data [upload_hw_ila_data [get_hw_ilas -of_objects [get_hw_devices xc7a35t_0] -filter {CELL_NAME=~"u_ila_0"}]]
INFO: [Labtools 27-1966] The ILA core 'hw_ila_1' triggered at 2023-May-12 20:43:17
INFO: [Labtools 27-3304] ILA Waveform data saved to file C:/Users/Administrator/Desktop/xidian_4channel/xdu_4channel/xdu_4channel.hw/backup/hw_ila_data_1.ila. Use Tcl command 'import_hw_ila_data' or Vivado File->Import->Import ILA Data menu item to import the previously saved data.
run_hw_ila [get_hw_ilas -of_objects [get_hw_devices xc7a35t_0] -filter {CELL_NAME=~"u_ila_0"}]
INFO: [Labtools 27-1964] The ILA core 'hw_ila_1' trigger was armed at 2023-May-12 20:43:18
wait_on_hw_ila [get_hw_ilas -of_objects [get_hw_devices xc7a35t_0] -filter {CELL_NAME=~"u_ila_0"}]
display_hw_ila_data [upload_hw_ila_data [get_hw_ilas -of_objects [get_hw_devices xc7a35t_0] -filter {CELL_NAME=~"u_ila_0"}]]
INFO: [Labtools 27-1966] The ILA core 'hw_ila_1' triggered at 2023-May-12 20:43:18
INFO: [Labtools 27-3304] ILA Waveform data saved to file C:/Users/Administrator/Desktop/xidian_4channel/xdu_4channel/xdu_4channel.hw/backup/hw_ila_data_1.ila. Use Tcl command 'import_hw_ila_data' or Vivado File->Import->Import ILA Data menu item to import the previously saved data.
run_hw_ila [get_hw_ilas -of_objects [get_hw_devices xc7a35t_0] -filter {CELL_NAME=~"u_ila_0"}]
INFO: [Labtools 27-1964] The ILA core 'hw_ila_1' trigger was armed at 2023-May-12 20:43:18
wait_on_hw_ila [get_hw_ilas -of_objects [get_hw_devices xc7a35t_0] -filter {CELL_NAME=~"u_ila_0"}]
display_hw_ila_data [upload_hw_ila_data [get_hw_ilas -of_objects [get_hw_devices xc7a35t_0] -filter {CELL_NAME=~"u_ila_0"}]]
INFO: [Labtools 27-1966] The ILA core 'hw_ila_1' triggered at 2023-May-12 20:43:18
INFO: [Labtools 27-3304] ILA Waveform data saved to file C:/Users/Administrator/Desktop/xidian_4channel/xdu_4channel/xdu_4channel.hw/backup/hw_ila_data_1.ila. Use Tcl command 'import_hw_ila_data' or Vivado File->Import->Import ILA Data menu item to import the previously saved data.
run_hw_ila [get_hw_ilas -of_objects [get_hw_devices xc7a35t_0] -filter {CELL_NAME=~"u_ila_0"}]
INFO: [Labtools 27-1964] The ILA core 'hw_ila_1' trigger was armed at 2023-May-12 20:43:20
wait_on_hw_ila [get_hw_ilas -of_objects [get_hw_devices xc7a35t_0] -filter {CELL_NAME=~"u_ila_0"}]
display_hw_ila_data [upload_hw_ila_data [get_hw_ilas -of_objects [get_hw_devices xc7a35t_0] -filter {CELL_NAME=~"u_ila_0"}]]
INFO: [Labtools 27-1966] The ILA core 'hw_ila_1' triggered at 2023-May-12 20:43:20
INFO: [Labtools 27-3304] ILA Waveform data saved to file C:/Users/Administrator/Desktop/xidian_4channel/xdu_4channel/xdu_4channel.hw/backup/hw_ila_data_1.ila. Use Tcl command 'import_hw_ila_data' or Vivado File->Import->Import ILA Data menu item to import the previously saved data.
run_hw_ila [get_hw_ilas -of_objects [get_hw_devices xc7a35t_0] -filter {CELL_NAME=~"u_ila_0"}]
INFO: [Labtools 27-1964] The ILA core 'hw_ila_1' trigger was armed at 2023-May-12 20:43:21
wait_on_hw_ila [get_hw_ilas -of_objects [get_hw_devices xc7a35t_0] -filter {CELL_NAME=~"u_ila_0"}]
display_hw_ila_data [upload_hw_ila_data [get_hw_ilas -of_objects [get_hw_devices xc7a35t_0] -filter {CELL_NAME=~"u_ila_0"}]]
INFO: [Labtools 27-1966] The ILA core 'hw_ila_1' triggered at 2023-May-12 20:43:21
INFO: [Labtools 27-3304] ILA Waveform data saved to file C:/Users/Administrator/Desktop/xidian_4channel/xdu_4channel/xdu_4channel.hw/backup/hw_ila_data_1.ila. Use Tcl command 'import_hw_ila_data' or Vivado File->Import->Import ILA Data menu item to import the previously saved data.
delete_debug_core [get_debug_cores {u_ila_0 }]
save_constraints
reset_run impl_1
launch_runs impl_1 -to_step write_bitstream -jobs 20
INFO: [Vivado 12-4149] The synthesis checkpoint for IP 'C:/Users/Administrator/Desktop/xidian_4channel/xdu_4channel/xdu_4channel.srcs/sources_1/ip/MULTI_Voltage2temp/MULTI_Voltage2temp.xci' is already up-to-date
Writing placer database...
Writing XDEF routing.
Writing XDEF routing logical nets.
Writing XDEF routing special nets.
Write XDEF Complete: Time (s): cpu = 00:00:00 ; elapsed = 00:00:00.022 . Memory (MB): peak = 2136.969 ; gain = 0.000
[Fri May 12 20:43:34 2023] Launched impl_1...
Run output will be captured here: C:/Users/Administrator/Desktop/xidian_4channel/xdu_4channel/xdu_4channel.runs/impl_1/runme.log
reset_run impl_1 -prev_step 
reset_run synth_1
WARNING: [Vivado 12-1017] Problems encountered:
1. Failed to delete one or more files in run directory C:/Users/Administrator/Desktop/xidian_4channel/xdu_4channel/xdu_4channel.runs/synth_1

launch_runs impl_1 -to_step write_bitstream -jobs 20
INFO: [Vivado 12-4149] The synthesis checkpoint for IP 'C:/Users/Administrator/Desktop/xidian_4channel/xdu_4channel/xdu_4channel.srcs/sources_1/ip/MULTI_Voltage2temp/MULTI_Voltage2temp.xci' is already up-to-date
WARNING: [Project 1-478] Design 'synth_1' is stale and will not be used when launching 'impl_1'
[Fri May 12 20:44:46 2023] Launched synth_1...
Run output will be captured here: C:/Users/Administrator/Desktop/xidian_4channel/xdu_4channel/xdu_4channel.runs/synth_1/runme.log
[Fri May 12 20:44:46 2023] Launched impl_1...
Run output will be captured here: C:/Users/Administrator/Desktop/xidian_4channel/xdu_4channel/xdu_4channel.runs/impl_1/runme.log
reset_run synth_1
launch_runs synth_1 -jobs 20
INFO: [Vivado 12-4149] The synthesis checkpoint for IP 'C:/Users/Administrator/Desktop/xidian_4channel/xdu_4channel/xdu_4channel.srcs/sources_1/ip/MULTI_Voltage2temp/MULTI_Voltage2temp.xci' is already up-to-date
[Fri May 12 20:44:59 2023] Launched synth_1...
Run output will be captured here: C:/Users/Administrator/Desktop/xidian_4channel/xdu_4channel/xdu_4channel.runs/synth_1/runme.log
refresh_design
INFO: [Project 1-454] Reading design checkpoint 'c:/Users/Administrator/Desktop/xidian_4channel/xdu_4channel/xdu_4channel.srcs/sources_1/ip/DAC_fifo/DAC_fifo.dcp' for cell 'DAC_1/DAC_fifo_new'
INFO: [Project 1-454] Reading design checkpoint 'c:/Users/Administrator/Desktop/xidian_4channel/xdu_4channel/xdu_4channel.srcs/sources_1/ip/MULTI_Voltage2temp/MULTI_Voltage2temp.dcp' for cell 'Voltage2Temp/MULTI_Voltage2temp_new'
INFO: [Project 1-454] Reading design checkpoint 'c:/Users/Administrator/Desktop/xidian_4channel/xdu_4channel/xdu_4channel.srcs/sources_1/ip/Mul_P/Mul_P.dcp' for cell 'u_pid_contorl/Mul_P'
INFO: [Project 1-454] Reading design checkpoint 'c:/Users/Administrator/Desktop/xidian_4channel/xdu_4channel/xdu_4channel.srcs/sources_1/ip/Mul_PID/Mul_PID.dcp' for cell 'u_pid_contorl/Mul_PID_D'
INFO: [Project 1-454] Reading design checkpoint 'c:/Users/Administrator/Desktop/xidian_4channel/xdu_4channel/xdu_4channel.srcs/sources_1/ip/PID_SUB/PID_SUB.dcp' for cell 'u_pid_contorl/PID_SUB_1_d'
INFO: [Project 1-454] Reading design checkpoint 'c:/Users/Administrator/Desktop/xidian_4channel/xdu_4channel/xdu_4channel.srcs/sources_1/ip/PID_adder/PID_adder.dcp' for cell 'u_pid_contorl/PID_adder'
INFO: [Project 1-454] Reading design checkpoint 'c:/Users/Administrator/Desktop/xidian_4channel/xdu_4channel/xdu_4channel.srcs/sources_1/ip/uart_send_fifo/uart_send_fifo.dcp' for cell 'uart_top_new/uart_send_fifo_new'
INFO: [Netlist 29-17] Analyzing 142 Unisim elements for replacement
INFO: [Netlist 29-28] Unisim Transformation completed in 0 CPU seconds
INFO: [Project 1-479] Netlist was created with Vivado 2017.4
INFO: [Project 1-570] Preparing netlist for logic optimization
Parsing XDC File [c:/Users/Administrator/Desktop/xidian_4channel/xdu_4channel/xdu_4channel.srcs/sources_1/ip/DAC_fifo/DAC_fifo.xdc] for cell 'DAC_1/DAC_fifo_new/U0'
Finished Parsing XDC File [c:/Users/Administrator/Desktop/xidian_4channel/xdu_4channel/xdu_4channel.srcs/sources_1/ip/DAC_fifo/DAC_fifo.xdc] for cell 'DAC_1/DAC_fifo_new/U0'
Parsing XDC File [c:/Users/Administrator/Desktop/xidian_4channel/xdu_4channel/xdu_4channel.srcs/sources_1/ip/DAC_fifo/DAC_fifo.xdc] for cell 'DAC_2/DAC_fifo_new/U0'
Finished Parsing XDC File [c:/Users/Administrator/Desktop/xidian_4channel/xdu_4channel/xdu_4channel.srcs/sources_1/ip/DAC_fifo/DAC_fifo.xdc] for cell 'DAC_2/DAC_fifo_new/U0'
Parsing XDC File [c:/Users/Administrator/Desktop/xidian_4channel/xdu_4channel/xdu_4channel.srcs/sources_1/ip/uart_send_fifo/uart_send_fifo.xdc] for cell 'uart_top_new/uart_send_fifo_new/U0'
Finished Parsing XDC File [c:/Users/Administrator/Desktop/xidian_4channel/xdu_4channel/xdu_4channel.srcs/sources_1/ip/uart_send_fifo/uart_send_fifo.xdc] for cell 'uart_top_new/uart_send_fifo_new/U0'
Parsing XDC File [C:/Users/Administrator/Desktop/xidian_4channel/xdu_4channel/xdu_4channel.srcs/constrs_1/new/XDC.xdc]
WARNING: [Vivado 12-584] No ports matched 'AD_convstab_1B'. [C:/Users/Administrator/Desktop/xidian_4channel/xdu_4channel/xdu_4channel.srcs/constrs_1/new/XDC.xdc:49]
CRITICAL WARNING: [Common 17-55] 'set_property' expects at least one object. [C:/Users/Administrator/Desktop/xidian_4channel/xdu_4channel/xdu_4channel.srcs/constrs_1/new/XDC.xdc:49]
Resolution: If [get_<value>] was used to populate the object, check to make sure this command returns at least one valid object.
WARNING: [Vivado 12-584] No ports matched 'AD_convstab_1A'. [C:/Users/Administrator/Desktop/xidian_4channel/xdu_4channel/xdu_4channel.srcs/constrs_1/new/XDC.xdc:67]
CRITICAL WARNING: [Common 17-55] 'set_property' expects at least one object. [C:/Users/Administrator/Desktop/xidian_4channel/xdu_4channel/xdu_4channel.srcs/constrs_1/new/XDC.xdc:67]
Resolution: If [get_<value>] was used to populate the object, check to make sure this command returns at least one valid object.
WARNING: [Vivado 12-584] No ports matched 'AD_convstab_1B'. [C:/Users/Administrator/Desktop/xidian_4channel/xdu_4channel/xdu_4channel.srcs/constrs_1/new/XDC.xdc:68]
CRITICAL WARNING: [Common 17-55] 'set_property' expects at least one object. [C:/Users/Administrator/Desktop/xidian_4channel/xdu_4channel/xdu_4channel.srcs/constrs_1/new/XDC.xdc:68]
Resolution: If [get_<value>] was used to populate the object, check to make sure this command returns at least one valid object.
CRITICAL WARNING: [Vivado 12-1419] Debug core 'u_ila_0' was not found. [C:/Users/Administrator/Desktop/xidian_4channel/xdu_4channel/xdu_4channel.srcs/constrs_1/new/XDC.xdc:95]
WARNING: [Vivado 12-507] No nets matched 'target_temp[0]'. [C:/Users/Administrator/Desktop/xidian_4channel/xdu_4channel/xdu_4channel.srcs/constrs_1/new/XDC.xdc:99]
WARNING: [Vivado 12-507] No nets matched 'target_temp[1]'. [C:/Users/Administrator/Desktop/xidian_4channel/xdu_4channel/xdu_4channel.srcs/constrs_1/new/XDC.xdc:99]
WARNING: [Vivado 12-507] No nets matched 'target_temp[2]'. [C:/Users/Administrator/Desktop/xidian_4channel/xdu_4channel/xdu_4channel.srcs/constrs_1/new/XDC.xdc:99]
WARNING: [Vivado 12-507] No nets matched 'target_temp[3]'. [C:/Users/Administrator/Desktop/xidian_4channel/xdu_4channel/xdu_4channel.srcs/constrs_1/new/XDC.xdc:99]
WARNING: [Vivado 12-507] No nets matched 'target_temp[4]'. [C:/Users/Administrator/Desktop/xidian_4channel/xdu_4channel/xdu_4channel.srcs/constrs_1/new/XDC.xdc:99]
WARNING: [Vivado 12-507] No nets matched 'target_temp[5]'. [C:/Users/Administrator/Desktop/xidian_4channel/xdu_4channel/xdu_4channel.srcs/constrs_1/new/XDC.xdc:99]
WARNING: [Vivado 12-507] No nets matched 'target_temp[6]'. [C:/Users/Administrator/Desktop/xidian_4channel/xdu_4channel/xdu_4channel.srcs/constrs_1/new/XDC.xdc:99]
WARNING: [Vivado 12-507] No nets matched 'target_temp[7]'. [C:/Users/Administrator/Desktop/xidian_4channel/xdu_4channel/xdu_4channel.srcs/constrs_1/new/XDC.xdc:99]
WARNING: [Vivado 12-507] No nets matched 'target_temp[8]'. [C:/Users/Administrator/Desktop/xidian_4channel/xdu_4channel/xdu_4channel.srcs/constrs_1/new/XDC.xdc:99]
WARNING: [Vivado 12-507] No nets matched 'target_temp[9]'. [C:/Users/Administrator/Desktop/xidian_4channel/xdu_4channel/xdu_4channel.srcs/constrs_1/new/XDC.xdc:99]
WARNING: [Vivado 12-507] No nets matched 'target_temp[10]'. [C:/Users/Administrator/Desktop/xidian_4channel/xdu_4channel/xdu_4channel.srcs/constrs_1/new/XDC.xdc:99]
WARNING: [Vivado 12-507] No nets matched 'target_temp[11]'. [C:/Users/Administrator/Desktop/xidian_4channel/xdu_4channel/xdu_4channel.srcs/constrs_1/new/XDC.xdc:99]
WARNING: [Vivado 12-507] No nets matched 'target_temp[12]'. [C:/Users/Administrator/Desktop/xidian_4channel/xdu_4channel/xdu_4channel.srcs/constrs_1/new/XDC.xdc:99]
WARNING: [Vivado 12-507] No nets matched 'target_temp[13]'. [C:/Users/Administrator/Desktop/xidian_4channel/xdu_4channel/xdu_4channel.srcs/constrs_1/new/XDC.xdc:99]
WARNING: [Vivado 12-507] No nets matched 'target_temp[14]'. [C:/Users/Administrator/Desktop/xidian_4channel/xdu_4channel/xdu_4channel.srcs/constrs_1/new/XDC.xdc:99]
WARNING: [Vivado 12-507] No nets matched 'target_temp[15]'. [C:/Users/Administrator/Desktop/xidian_4channel/xdu_4channel/xdu_4channel.srcs/constrs_1/new/XDC.xdc:99]
CRITICAL WARNING: [Vivado 12-1419] Debug core 'u_ila_0' was not found. [C:/Users/Administrator/Desktop/xidian_4channel/xdu_4channel/xdu_4channel.srcs/constrs_1/new/XDC.xdc:99]
Finished Parsing XDC File [C:/Users/Administrator/Desktop/xidian_4channel/xdu_4channel/xdu_4channel.srcs/constrs_1/new/XDC.xdc]
INFO: [Opt 31-138] Pushed 0 inverter(s) to 0 load pin(s).
create_debug_core u_ila_0 ila
set_property C_DATA_DEPTH 1024 [get_debug_cores u_ila_0]
set_property C_TRIGIN_EN false [get_debug_cores u_ila_0]
set_property C_TRIGOUT_EN false [get_debug_cores u_ila_0]
set_property C_ADV_TRIGGER false [get_debug_cores u_ila_0]
set_property C_INPUT_PIPE_STAGES 0 [get_debug_cores u_ila_0]
set_property C_EN_STRG_QUAL false [get_debug_cores u_ila_0]
set_property ALL_PROBE_SAME_MU true [get_debug_cores u_ila_0]
set_property ALL_PROBE_SAME_MU_CNT 1 [get_debug_cores u_ila_0]
startgroup 
set_property C_EN_STRG_QUAL true [get_debug_cores u_ila_0 ]
set_property C_ADV_TRIGGER true [get_debug_cores u_ila_0 ]
set_property ALL_PROBE_SAME_MU true [get_debug_cores u_ila_0 ]
set_property ALL_PROBE_SAME_MU_CNT 4 [get_debug_cores u_ila_0 ]
endgroup
set_property port_width 1 [get_debug_ports u_ila_0/clk]
connect_debug_port u_ila_0/clk [get_nets [list clk_IBUF_BUFG ]]
set_property port_width 16 [get_debug_ports u_ila_0/probe0]
set_property PROBE_TYPE DATA_AND_TRIGGER [get_debug_ports u_ila_0/probe0]
connect_debug_port u_ila_0/probe0 [get_nets [list {u_pid_contorl/last_error[0]} {u_pid_contorl/last_error[1]} {u_pid_contorl/last_error[2]} {u_pid_contorl/last_error[3]} {u_pid_contorl/last_error[4]} {u_pid_contorl/last_error[5]} {u_pid_contorl/last_error[6]} {u_pid_contorl/last_error[7]} {u_pid_contorl/last_error[8]} {u_pid_contorl/last_error[9]} {u_pid_contorl/last_error[10]} {u_pid_contorl/last_error[11]} {u_pid_contorl/last_error[12]} {u_pid_contorl/last_error[13]} {u_pid_contorl/last_error[14]} {u_pid_contorl/last_error[15]} ]]
create_debug_port u_ila_0 probe
set_property port_width 16 [get_debug_ports u_ila_0/probe1]
set_property PROBE_TYPE DATA_AND_TRIGGER [get_debug_ports u_ila_0/probe1]
connect_debug_port u_ila_0/probe1 [get_nets [list {u_pid_contorl/D[0]} {u_pid_contorl/D[1]} {u_pid_contorl/D[2]} {u_pid_contorl/D[3]} {u_pid_contorl/D[4]} {u_pid_contorl/D[5]} {u_pid_contorl/D[6]} {u_pid_contorl/D[7]} {u_pid_contorl/D[8]} {u_pid_contorl/D[9]} {u_pid_contorl/D[10]} {u_pid_contorl/D[11]} {u_pid_contorl/D[12]} {u_pid_contorl/D[13]} {u_pid_contorl/D[14]} {u_pid_contorl/D[15]} ]]
create_debug_port u_ila_0 probe
set_property port_width 16 [get_debug_ports u_ila_0/probe2]
set_property PROBE_TYPE DATA_AND_TRIGGER [get_debug_ports u_ila_0/probe2]
connect_debug_port u_ila_0/probe2 [get_nets [list {u_pid_contorl/error_de[0]} {u_pid_contorl/error_de[1]} {u_pid_contorl/error_de[2]} {u_pid_contorl/error_de[3]} {u_pid_contorl/error_de[4]} {u_pid_contorl/error_de[5]} {u_pid_contorl/error_de[6]} {u_pid_contorl/error_de[7]} {u_pid_contorl/error_de[8]} {u_pid_contorl/error_de[9]} {u_pid_contorl/error_de[10]} {u_pid_contorl/error_de[11]} {u_pid_contorl/error_de[12]} {u_pid_contorl/error_de[13]} {u_pid_contorl/error_de[14]} {u_pid_contorl/error_de[15]} ]]
save_constraints
launch_runs impl_1 -to_step write_bitstream -jobs 20
INFO: [Vivado 12-4149] The synthesis checkpoint for IP 'C:/Users/Administrator/Desktop/xidian_4channel/xdu_4channel/xdu_4channel.srcs/sources_1/ip/MULTI_Voltage2temp/MULTI_Voltage2temp.xci' is already up-to-date
Writing placer database...
Writing XDEF routing.
Writing XDEF routing logical nets.
Writing XDEF routing special nets.
Write XDEF Complete: Time (s): cpu = 00:00:00 ; elapsed = 00:00:00.026 . Memory (MB): peak = 2139.895 ; gain = 0.000
[Fri May 12 20:48:08 2023] Launched impl_1...
Run output will be captured here: C:/Users/Administrator/Desktop/xidian_4channel/xdu_4channel/xdu_4channel.runs/impl_1/runme.log
ERROR: [Labtoolstcl 44-513] HW Target shutdown. Closing target: localhost:3121/xilinx_tcf/Digilent/210512180081
INFO: [Labtoolstcl 44-466] Opening hw_target localhost:3121/xilinx_tcf/Digilent/210512180081
INFO: [Labtools 27-1434] Device xc7a35t (JTAG device index = 0) is programmed with a design that has no supported debug core(s) in it.
WARNING: [Labtools 27-3361] The debug hub core was not detected.
Resolution: 
1. Make sure the clock connected to the debug hub (dbg_hub) core is a free running clock and is active.
2. Make sure the BSCAN_SWITCH_USER_MASK device property in Vivado Hardware Manager reflects the user scan chain setting in the design and refresh the device.  To determine the user scan chain setting in the design, open the implemented design and use 'get_property C_USER_SCAN_CHAIN [get_debug_cores dbg_hub]'.
For more details on setting the scan chain property, consult the Vivado Debug and Programming User Guide (UG908).
WARNING: [Labtools 27-3403] Dropping logic core with cellname:'u_ila_0' from probes file, since it cannot be found on the programmed device.
WARNING: [Labtoolstcl 44-129] No matching hw_ila_data was found.
set_property PROBES.FILE {C:/Users/Administrator/Desktop/xidian_4channel/xdu_4channel/xdu_4channel.runs/impl_1/Multi_Channel_top.ltx} [get_hw_devices xc7a35t_0]
set_property FULL_PROBES.FILE {C:/Users/Administrator/Desktop/xidian_4channel/xdu_4channel/xdu_4channel.runs/impl_1/Multi_Channel_top.ltx} [get_hw_devices xc7a35t_0]
set_property PROGRAM.FILE {C:/Users/Administrator/Desktop/xidian_4channel/xdu_4channel/xdu_4channel.runs/impl_1/Multi_Channel_top.bit} [get_hw_devices xc7a35t_0]
program_hw_devices [get_hw_devices xc7a35t_0]
INFO: [Labtools 27-3164] End of startup status: HIGH
refresh_hw_device [lindex [get_hw_devices xc7a35t_0] 0]
INFO: [Labtools 27-2302] Device xc7a35t (JTAG device index = 0) is programmed with a design that has 1 ILA core(s).
display_hw_ila_data [ get_hw_ila_data hw_ila_data_1 -of_objects [get_hw_ilas -of_objects [get_hw_devices xc7a35t_0] -filter {CELL_NAME=~"u_ila_0"}]]
WARNING: Simulation object u_ila_0_error_de was not found in the design.
INFO: [Labtools 27-3304] ILA Waveform data saved to file C:/Users/Administrator/Desktop/xidian_4channel/xdu_4channel/xdu_4channel.hw/backup/hw_ila_data_1.ila. Use Tcl command 'import_hw_ila_data' or Vivado File->Import->Import ILA Data menu item to import the previously saved data.
run_hw_ila [get_hw_ilas -of_objects [get_hw_devices xc7a35t_0] -filter {CELL_NAME=~"u_ila_0"}]
INFO: [Labtools 27-1964] The ILA core 'hw_ila_1' trigger was armed at 2023-May-12 20:50:30
wait_on_hw_ila [get_hw_ilas -of_objects [get_hw_devices xc7a35t_0] -filter {CELL_NAME=~"u_ila_0"}]
display_hw_ila_data [upload_hw_ila_data [get_hw_ilas -of_objects [get_hw_devices xc7a35t_0] -filter {CELL_NAME=~"u_ila_0"}]]
INFO: [Labtools 27-1966] The ILA core 'hw_ila_1' triggered at 2023-May-12 20:50:30
INFO: [Labtools 27-3304] ILA Waveform data saved to file C:/Users/Administrator/Desktop/xidian_4channel/xdu_4channel/xdu_4channel.hw/backup/hw_ila_data_1.ila. Use Tcl command 'import_hw_ila_data' or Vivado File->Import->Import ILA Data menu item to import the previously saved data.
add_wave -into {hw_ila_data_1.wcfg} -radix hex { {u_pid_contorl/D} {u_pid_contorl/error_de} {u_pid_contorl/last_error} }
run_hw_ila [get_hw_ilas -of_objects [get_hw_devices xc7a35t_0] -filter {CELL_NAME=~"u_ila_0"}]
INFO: [Labtools 27-1964] The ILA core 'hw_ila_1' trigger was armed at 2023-May-12 20:50:35
wait_on_hw_ila [get_hw_ilas -of_objects [get_hw_devices xc7a35t_0] -filter {CELL_NAME=~"u_ila_0"}]
display_hw_ila_data [upload_hw_ila_data [get_hw_ilas -of_objects [get_hw_devices xc7a35t_0] -filter {CELL_NAME=~"u_ila_0"}]]
INFO: [Labtools 27-1966] The ILA core 'hw_ila_1' triggered at 2023-May-12 20:50:35
INFO: [Labtools 27-3304] ILA Waveform data saved to file C:/Users/Administrator/Desktop/xidian_4channel/xdu_4channel/xdu_4channel.hw/backup/hw_ila_data_1.ila. Use Tcl command 'import_hw_ila_data' or Vivado File->Import->Import ILA Data menu item to import the previously saved data.
run_hw_ila [get_hw_ilas -of_objects [get_hw_devices xc7a35t_0] -filter {CELL_NAME=~"u_ila_0"}]
INFO: [Labtools 27-1964] The ILA core 'hw_ila_1' trigger was armed at 2023-May-12 20:52:38
wait_on_hw_ila [get_hw_ilas -of_objects [get_hw_devices xc7a35t_0] -filter {CELL_NAME=~"u_ila_0"}]
display_hw_ila_data [upload_hw_ila_data [get_hw_ilas -of_objects [get_hw_devices xc7a35t_0] -filter {CELL_NAME=~"u_ila_0"}]]
INFO: [Labtools 27-1966] The ILA core 'hw_ila_1' triggered at 2023-May-12 20:52:38
INFO: [Labtools 27-3304] ILA Waveform data saved to file C:/Users/Administrator/Desktop/xidian_4channel/xdu_4channel/xdu_4channel.hw/backup/hw_ila_data_1.ila. Use Tcl command 'import_hw_ila_data' or Vivado File->Import->Import ILA Data menu item to import the previously saved data.
ERROR: [Labtoolstcl 44-513] HW Target shutdown. Closing target: localhost:3121/xilinx_tcf/Digilent/210512180081
INFO: [Labtoolstcl 44-466] Opening hw_target localhost:3121/xilinx_tcf/Digilent/210512180081
INFO: [Labtools 27-1435] Device xc7a35t (JTAG device index = 0) is not programmed (DONE status = 0).
WARNING: [Labtoolstcl 44-129] No matching hw_ila_data was found.
ERROR: [Labtoolstcl 44-513] HW Target shutdown. Closing target: localhost:3121/xilinx_tcf/Digilent/210512180081
INFO: [Labtoolstcl 44-466] Opening hw_target localhost:3121/xilinx_tcf/Digilent/210512180081
INFO: [Labtools 27-1435] Device xc7a35t (JTAG device index = 0) is not programmed (DONE status = 0).
WARNING: [Labtoolstcl 44-129] No matching hw_ila_data was found.
ERROR: [Labtoolstcl 44-513] HW Target shutdown. Closing target: localhost:3121/xilinx_tcf/Digilent/210512180081
INFO: [Labtoolstcl 44-466] Opening hw_target localhost:3121/xilinx_tcf/Digilent/210512180081
INFO: [Labtools 27-1434] Device xc7a35t (JTAG device index = 0) is programmed with a design that has no supported debug core(s) in it.
WARNING: [Labtools 27-3361] The debug hub core was not detected.
Resolution: 
1. Make sure the clock connected to the debug hub (dbg_hub) core is a free running clock and is active.
2. Make sure the BSCAN_SWITCH_USER_MASK device property in Vivado Hardware Manager reflects the user scan chain setting in the design and refresh the device.  To determine the user scan chain setting in the design, open the implemented design and use 'get_property C_USER_SCAN_CHAIN [get_debug_cores dbg_hub]'.
For more details on setting the scan chain property, consult the Vivado Debug and Programming User Guide (UG908).
WARNING: [Labtools 27-3403] Dropping logic core with cellname:'u_ila_0' from probes file, since it cannot be found on the programmed device.
WARNING: [Labtoolstcl 44-129] No matching hw_ila_data was found.
set_property PROBES.FILE {C:/Users/Administrator/Desktop/xidian_4channel/xdu_4channel/xdu_4channel.runs/impl_1/Multi_Channel_top.ltx} [get_hw_devices xc7a35t_0]
set_property FULL_PROBES.FILE {C:/Users/Administrator/Desktop/xidian_4channel/xdu_4channel/xdu_4channel.runs/impl_1/Multi_Channel_top.ltx} [get_hw_devices xc7a35t_0]
set_property PROGRAM.FILE {C:/Users/Administrator/Desktop/xidian_4channel/xdu_4channel/xdu_4channel.runs/impl_1/Multi_Channel_top.bit} [get_hw_devices xc7a35t_0]
program_hw_devices [get_hw_devices xc7a35t_0]
INFO: [Labtools 27-3164] End of startup status: HIGH
refresh_hw_device [lindex [get_hw_devices xc7a35t_0] 0]
INFO: [Labtools 27-2302] Device xc7a35t (JTAG device index = 0) is programmed with a design that has 1 ILA core(s).
display_hw_ila_data [ get_hw_ila_data hw_ila_data_1 -of_objects [get_hw_ilas -of_objects [get_hw_devices xc7a35t_0] -filter {CELL_NAME=~"u_ila_0"}]]
INFO: [Labtools 27-3304] ILA Waveform data saved to file C:/Users/Administrator/Desktop/xidian_4channel/xdu_4channel/xdu_4channel.hw/backup/hw_ila_data_1.ila. Use Tcl command 'import_hw_ila_data' or Vivado File->Import->Import ILA Data menu item to import the previously saved data.
run_hw_ila [get_hw_ilas -of_objects [get_hw_devices xc7a35t_0] -filter {CELL_NAME=~"u_ila_0"}]
INFO: [Labtools 27-1964] The ILA core 'hw_ila_1' trigger was armed at 2023-May-12 20:54:00
wait_on_hw_ila [get_hw_ilas -of_objects [get_hw_devices xc7a35t_0] -filter {CELL_NAME=~"u_ila_0"}]
display_hw_ila_data [upload_hw_ila_data [get_hw_ilas -of_objects [get_hw_devices xc7a35t_0] -filter {CELL_NAME=~"u_ila_0"}]]
INFO: [Labtools 27-1966] The ILA core 'hw_ila_1' triggered at 2023-May-12 20:54:00
INFO: [Labtools 27-3304] ILA Waveform data saved to file C:/Users/Administrator/Desktop/xidian_4channel/xdu_4channel/xdu_4channel.hw/backup/hw_ila_data_1.ila. Use Tcl command 'import_hw_ila_data' or Vivado File->Import->Import ILA Data menu item to import the previously saved data.
reset_run synth_1
launch_runs impl_1 -to_step write_bitstream -jobs 20
INFO: [Vivado 12-4149] The synthesis checkpoint for IP 'C:/Users/Administrator/Desktop/xidian_4channel/xdu_4channel/xdu_4channel.srcs/sources_1/ip/MULTI_Voltage2temp/MULTI_Voltage2temp.xci' is already up-to-date
WARNING: [Project 1-478] Design 'synth_1' is stale and will not be used when launching 'impl_1'
[Fri May 12 20:55:05 2023] Launched synth_1...
Run output will be captured here: C:/Users/Administrator/Desktop/xidian_4channel/xdu_4channel/xdu_4channel.runs/synth_1/runme.log
[Fri May 12 20:55:05 2023] Launched impl_1...
Run output will be captured here: C:/Users/Administrator/Desktop/xidian_4channel/xdu_4channel/xdu_4channel.runs/impl_1/runme.log
ERROR: [Labtoolstcl 44-513] HW Target shutdown. Closing target: localhost:3121/xilinx_tcf/Digilent/210512180081
INFO: [Labtoolstcl 44-466] Opening hw_target localhost:3121/xilinx_tcf/Digilent/210512180081
INFO: [Labtools 27-1435] Device xc7a35t (JTAG device index = 0) is not programmed (DONE status = 0).
WARNING: [Labtoolstcl 44-129] No matching hw_ila_data was found.
set_property PROBES.FILE {C:/Users/Administrator/Desktop/xidian_4channel/xdu_4channel/xdu_4channel.runs/impl_1/Multi_Channel_top.ltx} [get_hw_devices xc7a35t_0]
set_property FULL_PROBES.FILE {C:/Users/Administrator/Desktop/xidian_4channel/xdu_4channel/xdu_4channel.runs/impl_1/Multi_Channel_top.ltx} [get_hw_devices xc7a35t_0]
set_property PROGRAM.FILE {C:/Users/Administrator/Desktop/xidian_4channel/xdu_4channel/xdu_4channel.runs/impl_1/Multi_Channel_top.bit} [get_hw_devices xc7a35t_0]
program_hw_devices [get_hw_devices xc7a35t_0]
INFO: [Labtools 27-3164] End of startup status: HIGH
refresh_hw_device [lindex [get_hw_devices xc7a35t_0] 0]
INFO: [Labtools 27-2302] Device xc7a35t (JTAG device index = 0) is programmed with a design that has 1 ILA core(s).
display_hw_ila_data [ get_hw_ila_data hw_ila_data_1 -of_objects [get_hw_ilas -of_objects [get_hw_devices xc7a35t_0] -filter {CELL_NAME=~"u_ila_0"}]]
INFO: [Labtools 27-3304] ILA Waveform data saved to file C:/Users/Administrator/Desktop/xidian_4channel/xdu_4channel/xdu_4channel.hw/backup/hw_ila_data_1.ila. Use Tcl command 'import_hw_ila_data' or Vivado File->Import->Import ILA Data menu item to import the previously saved data.
run_hw_ila [get_hw_ilas -of_objects [get_hw_devices xc7a35t_0] -filter {CELL_NAME=~"u_ila_0"}]
INFO: [Labtools 27-1964] The ILA core 'hw_ila_1' trigger was armed at 2023-May-12 21:03:32
wait_on_hw_ila [get_hw_ilas -of_objects [get_hw_devices xc7a35t_0] -filter {CELL_NAME=~"u_ila_0"}]
display_hw_ila_data [upload_hw_ila_data [get_hw_ilas -of_objects [get_hw_devices xc7a35t_0] -filter {CELL_NAME=~"u_ila_0"}]]
INFO: [Labtools 27-1966] The ILA core 'hw_ila_1' triggered at 2023-May-12 21:03:32
INFO: [Labtools 27-3304] ILA Waveform data saved to file C:/Users/Administrator/Desktop/xidian_4channel/xdu_4channel/xdu_4channel.hw/backup/hw_ila_data_1.ila. Use Tcl command 'import_hw_ila_data' or Vivado File->Import->Import ILA Data menu item to import the previously saved data.
run_hw_ila [get_hw_ilas -of_objects [get_hw_devices xc7a35t_0] -filter {CELL_NAME=~"u_ila_0"}]
INFO: [Labtools 27-1964] The ILA core 'hw_ila_1' trigger was armed at 2023-May-12 21:03:36
wait_on_hw_ila [get_hw_ilas -of_objects [get_hw_devices xc7a35t_0] -filter {CELL_NAME=~"u_ila_0"}]
display_hw_ila_data [upload_hw_ila_data [get_hw_ilas -of_objects [get_hw_devices xc7a35t_0] -filter {CELL_NAME=~"u_ila_0"}]]
INFO: [Labtools 27-1966] The ILA core 'hw_ila_1' triggered at 2023-May-12 21:03:36
INFO: [Labtools 27-3304] ILA Waveform data saved to file C:/Users/Administrator/Desktop/xidian_4channel/xdu_4channel/xdu_4channel.hw/backup/hw_ila_data_1.ila. Use Tcl command 'import_hw_ila_data' or Vivado File->Import->Import ILA Data menu item to import the previously saved data.
run_hw_ila [get_hw_ilas -of_objects [get_hw_devices xc7a35t_0] -filter {CELL_NAME=~"u_ila_0"}]
INFO: [Labtools 27-1964] The ILA core 'hw_ila_1' trigger was armed at 2023-May-12 21:03:38
wait_on_hw_ila [get_hw_ilas -of_objects [get_hw_devices xc7a35t_0] -filter {CELL_NAME=~"u_ila_0"}]
display_hw_ila_data [upload_hw_ila_data [get_hw_ilas -of_objects [get_hw_devices xc7a35t_0] -filter {CELL_NAME=~"u_ila_0"}]]
INFO: [Labtools 27-1966] The ILA core 'hw_ila_1' triggered at 2023-May-12 21:03:38
INFO: [Labtools 27-3304] ILA Waveform data saved to file C:/Users/Administrator/Desktop/xidian_4channel/xdu_4channel/xdu_4channel.hw/backup/hw_ila_data_1.ila. Use Tcl command 'import_hw_ila_data' or Vivado File->Import->Import ILA Data menu item to import the previously saved data.
run_hw_ila [get_hw_ilas -of_objects [get_hw_devices xc7a35t_0] -filter {CELL_NAME=~"u_ila_0"}]
INFO: [Labtools 27-1964] The ILA core 'hw_ila_1' trigger was armed at 2023-May-12 21:04:02
wait_on_hw_ila [get_hw_ilas -of_objects [get_hw_devices xc7a35t_0] -filter {CELL_NAME=~"u_ila_0"}]
display_hw_ila_data [upload_hw_ila_data [get_hw_ilas -of_objects [get_hw_devices xc7a35t_0] -filter {CELL_NAME=~"u_ila_0"}]]
INFO: [Labtools 27-1966] The ILA core 'hw_ila_1' triggered at 2023-May-12 21:04:02
INFO: [Labtools 27-3304] ILA Waveform data saved to file C:/Users/Administrator/Desktop/xidian_4channel/xdu_4channel/xdu_4channel.hw/backup/hw_ila_data_1.ila. Use Tcl command 'import_hw_ila_data' or Vivado File->Import->Import ILA Data menu item to import the previously saved data.
run_hw_ila [get_hw_ilas -of_objects [get_hw_devices xc7a35t_0] -filter {CELL_NAME=~"u_ila_0"}]
INFO: [Labtools 27-1964] The ILA core 'hw_ila_1' trigger was armed at 2023-May-12 21:04:03
wait_on_hw_ila [get_hw_ilas -of_objects [get_hw_devices xc7a35t_0] -filter {CELL_NAME=~"u_ila_0"}]
display_hw_ila_data [upload_hw_ila_data [get_hw_ilas -of_objects [get_hw_devices xc7a35t_0] -filter {CELL_NAME=~"u_ila_0"}]]
INFO: [Labtools 27-1966] The ILA core 'hw_ila_1' triggered at 2023-May-12 21:04:03
INFO: [Labtools 27-3304] ILA Waveform data saved to file C:/Users/Administrator/Desktop/xidian_4channel/xdu_4channel/xdu_4channel.hw/backup/hw_ila_data_1.ila. Use Tcl command 'import_hw_ila_data' or Vivado File->Import->Import ILA Data menu item to import the previously saved data.
run_hw_ila [get_hw_ilas -of_objects [get_hw_devices xc7a35t_0] -filter {CELL_NAME=~"u_ila_0"}]
INFO: [Labtools 27-1964] The ILA core 'hw_ila_1' trigger was armed at 2023-May-12 21:04:05
wait_on_hw_ila [get_hw_ilas -of_objects [get_hw_devices xc7a35t_0] -filter {CELL_NAME=~"u_ila_0"}]
display_hw_ila_data [upload_hw_ila_data [get_hw_ilas -of_objects [get_hw_devices xc7a35t_0] -filter {CELL_NAME=~"u_ila_0"}]]
INFO: [Labtools 27-1966] The ILA core 'hw_ila_1' triggered at 2023-May-12 21:04:05
INFO: [Labtools 27-3304] ILA Waveform data saved to file C:/Users/Administrator/Desktop/xidian_4channel/xdu_4channel/xdu_4channel.hw/backup/hw_ila_data_1.ila. Use Tcl command 'import_hw_ila_data' or Vivado File->Import->Import ILA Data menu item to import the previously saved data.
run_hw_ila [get_hw_ilas -of_objects [get_hw_devices xc7a35t_0] -filter {CELL_NAME=~"u_ila_0"}]
INFO: [Labtools 27-1964] The ILA core 'hw_ila_1' trigger was armed at 2023-May-12 21:04:06
wait_on_hw_ila [get_hw_ilas -of_objects [get_hw_devices xc7a35t_0] -filter {CELL_NAME=~"u_ila_0"}]
display_hw_ila_data [upload_hw_ila_data [get_hw_ilas -of_objects [get_hw_devices xc7a35t_0] -filter {CELL_NAME=~"u_ila_0"}]]
INFO: [Labtools 27-1966] The ILA core 'hw_ila_1' triggered at 2023-May-12 21:04:06
INFO: [Labtools 27-3304] ILA Waveform data saved to file C:/Users/Administrator/Desktop/xidian_4channel/xdu_4channel/xdu_4channel.hw/backup/hw_ila_data_1.ila. Use Tcl command 'import_hw_ila_data' or Vivado File->Import->Import ILA Data menu item to import the previously saved data.
run_hw_ila [get_hw_ilas -of_objects [get_hw_devices xc7a35t_0] -filter {CELL_NAME=~"u_ila_0"}]
INFO: [Labtools 27-1964] The ILA core 'hw_ila_1' trigger was armed at 2023-May-12 21:04:07
wait_on_hw_ila [get_hw_ilas -of_objects [get_hw_devices xc7a35t_0] -filter {CELL_NAME=~"u_ila_0"}]
display_hw_ila_data [upload_hw_ila_data [get_hw_ilas -of_objects [get_hw_devices xc7a35t_0] -filter {CELL_NAME=~"u_ila_0"}]]
INFO: [Labtools 27-1966] The ILA core 'hw_ila_1' triggered at 2023-May-12 21:04:08
INFO: [Labtools 27-3304] ILA Waveform data saved to file C:/Users/Administrator/Desktop/xidian_4channel/xdu_4channel/xdu_4channel.hw/backup/hw_ila_data_1.ila. Use Tcl command 'import_hw_ila_data' or Vivado File->Import->Import ILA Data menu item to import the previously saved data.
run_hw_ila [get_hw_ilas -of_objects [get_hw_devices xc7a35t_0] -filter {CELL_NAME=~"u_ila_0"}]
INFO: [Labtools 27-1964] The ILA core 'hw_ila_1' trigger was armed at 2023-May-12 21:04:09
wait_on_hw_ila [get_hw_ilas -of_objects [get_hw_devices xc7a35t_0] -filter {CELL_NAME=~"u_ila_0"}]
display_hw_ila_data [upload_hw_ila_data [get_hw_ilas -of_objects [get_hw_devices xc7a35t_0] -filter {CELL_NAME=~"u_ila_0"}]]
INFO: [Labtools 27-1966] The ILA core 'hw_ila_1' triggered at 2023-May-12 21:04:09
INFO: [Labtools 27-3304] ILA Waveform data saved to file C:/Users/Administrator/Desktop/xidian_4channel/xdu_4channel/xdu_4channel.hw/backup/hw_ila_data_1.ila. Use Tcl command 'import_hw_ila_data' or Vivado File->Import->Import ILA Data menu item to import the previously saved data.
run_hw_ila [get_hw_ilas -of_objects [get_hw_devices xc7a35t_0] -filter {CELL_NAME=~"u_ila_0"}]
INFO: [Labtools 27-1964] The ILA core 'hw_ila_1' trigger was armed at 2023-May-12 21:04:11
wait_on_hw_ila [get_hw_ilas -of_objects [get_hw_devices xc7a35t_0] -filter {CELL_NAME=~"u_ila_0"}]
display_hw_ila_data [upload_hw_ila_data [get_hw_ilas -of_objects [get_hw_devices xc7a35t_0] -filter {CELL_NAME=~"u_ila_0"}]]
INFO: [Labtools 27-1966] The ILA core 'hw_ila_1' triggered at 2023-May-12 21:04:11
INFO: [Labtools 27-3304] ILA Waveform data saved to file C:/Users/Administrator/Desktop/xidian_4channel/xdu_4channel/xdu_4channel.hw/backup/hw_ila_data_1.ila. Use Tcl command 'import_hw_ila_data' or Vivado File->Import->Import ILA Data menu item to import the previously saved data.
run_hw_ila [get_hw_ilas -of_objects [get_hw_devices xc7a35t_0] -filter {CELL_NAME=~"u_ila_0"}]
INFO: [Labtools 27-1964] The ILA core 'hw_ila_1' trigger was armed at 2023-May-12 21:04:13
wait_on_hw_ila [get_hw_ilas -of_objects [get_hw_devices xc7a35t_0] -filter {CELL_NAME=~"u_ila_0"}]
display_hw_ila_data [upload_hw_ila_data [get_hw_ilas -of_objects [get_hw_devices xc7a35t_0] -filter {CELL_NAME=~"u_ila_0"}]]
INFO: [Labtools 27-1966] The ILA core 'hw_ila_1' triggered at 2023-May-12 21:04:13
INFO: [Labtools 27-3304] ILA Waveform data saved to file C:/Users/Administrator/Desktop/xidian_4channel/xdu_4channel/xdu_4channel.hw/backup/hw_ila_data_1.ila. Use Tcl command 'import_hw_ila_data' or Vivado File->Import->Import ILA Data menu item to import the previously saved data.
run_hw_ila [get_hw_ilas -of_objects [get_hw_devices xc7a35t_0] -filter {CELL_NAME=~"u_ila_0"}]
INFO: [Labtools 27-1964] The ILA core 'hw_ila_1' trigger was armed at 2023-May-12 21:04:15
wait_on_hw_ila [get_hw_ilas -of_objects [get_hw_devices xc7a35t_0] -filter {CELL_NAME=~"u_ila_0"}]
display_hw_ila_data [upload_hw_ila_data [get_hw_ilas -of_objects [get_hw_devices xc7a35t_0] -filter {CELL_NAME=~"u_ila_0"}]]
INFO: [Labtools 27-1966] The ILA core 'hw_ila_1' triggered at 2023-May-12 21:04:15
INFO: [Labtools 27-3304] ILA Waveform data saved to file C:/Users/Administrator/Desktop/xidian_4channel/xdu_4channel/xdu_4channel.hw/backup/hw_ila_data_1.ila. Use Tcl command 'import_hw_ila_data' or Vivado File->Import->Import ILA Data menu item to import the previously saved data.
run_hw_ila [get_hw_ilas -of_objects [get_hw_devices xc7a35t_0] -filter {CELL_NAME=~"u_ila_0"}]
INFO: [Labtools 27-1964] The ILA core 'hw_ila_1' trigger was armed at 2023-May-12 21:04:18
wait_on_hw_ila [get_hw_ilas -of_objects [get_hw_devices xc7a35t_0] -filter {CELL_NAME=~"u_ila_0"}]
display_hw_ila_data [upload_hw_ila_data [get_hw_ilas -of_objects [get_hw_devices xc7a35t_0] -filter {CELL_NAME=~"u_ila_0"}]]
INFO: [Labtools 27-1966] The ILA core 'hw_ila_1' triggered at 2023-May-12 21:04:18
INFO: [Labtools 27-3304] ILA Waveform data saved to file C:/Users/Administrator/Desktop/xidian_4channel/xdu_4channel/xdu_4channel.hw/backup/hw_ila_data_1.ila. Use Tcl command 'import_hw_ila_data' or Vivado File->Import->Import ILA Data menu item to import the previously saved data.
run_hw_ila [get_hw_ilas -of_objects [get_hw_devices xc7a35t_0] -filter {CELL_NAME=~"u_ila_0"}]
INFO: [Labtools 27-1964] The ILA core 'hw_ila_1' trigger was armed at 2023-May-12 21:04:20
wait_on_hw_ila [get_hw_ilas -of_objects [get_hw_devices xc7a35t_0] -filter {CELL_NAME=~"u_ila_0"}]
display_hw_ila_data [upload_hw_ila_data [get_hw_ilas -of_objects [get_hw_devices xc7a35t_0] -filter {CELL_NAME=~"u_ila_0"}]]
INFO: [Labtools 27-1966] The ILA core 'hw_ila_1' triggered at 2023-May-12 21:04:20
INFO: [Labtools 27-3304] ILA Waveform data saved to file C:/Users/Administrator/Desktop/xidian_4channel/xdu_4channel/xdu_4channel.hw/backup/hw_ila_data_1.ila. Use Tcl command 'import_hw_ila_data' or Vivado File->Import->Import ILA Data menu item to import the previously saved data.
run_hw_ila [get_hw_ilas -of_objects [get_hw_devices xc7a35t_0] -filter {CELL_NAME=~"u_ila_0"}]
INFO: [Labtools 27-1964] The ILA core 'hw_ila_1' trigger was armed at 2023-May-12 21:04:22
wait_on_hw_ila [get_hw_ilas -of_objects [get_hw_devices xc7a35t_0] -filter {CELL_NAME=~"u_ila_0"}]
display_hw_ila_data [upload_hw_ila_data [get_hw_ilas -of_objects [get_hw_devices xc7a35t_0] -filter {CELL_NAME=~"u_ila_0"}]]
INFO: [Labtools 27-1966] The ILA core 'hw_ila_1' triggered at 2023-May-12 21:04:22
INFO: [Labtools 27-3304] ILA Waveform data saved to file C:/Users/Administrator/Desktop/xidian_4channel/xdu_4channel/xdu_4channel.hw/backup/hw_ila_data_1.ila. Use Tcl command 'import_hw_ila_data' or Vivado File->Import->Import ILA Data menu item to import the previously saved data.
run_hw_ila [get_hw_ilas -of_objects [get_hw_devices xc7a35t_0] -filter {CELL_NAME=~"u_ila_0"}]
INFO: [Labtools 27-1964] The ILA core 'hw_ila_1' trigger was armed at 2023-May-12 21:04:25
wait_on_hw_ila [get_hw_ilas -of_objects [get_hw_devices xc7a35t_0] -filter {CELL_NAME=~"u_ila_0"}]
display_hw_ila_data [upload_hw_ila_data [get_hw_ilas -of_objects [get_hw_devices xc7a35t_0] -filter {CELL_NAME=~"u_ila_0"}]]
INFO: [Labtools 27-1966] The ILA core 'hw_ila_1' triggered at 2023-May-12 21:04:25
INFO: [Labtools 27-3304] ILA Waveform data saved to file C:/Users/Administrator/Desktop/xidian_4channel/xdu_4channel/xdu_4channel.hw/backup/hw_ila_data_1.ila. Use Tcl command 'import_hw_ila_data' or Vivado File->Import->Import ILA Data menu item to import the previously saved data.
run_hw_ila [get_hw_ilas -of_objects [get_hw_devices xc7a35t_0] -filter {CELL_NAME=~"u_ila_0"}]
INFO: [Labtools 27-1964] The ILA core 'hw_ila_1' trigger was armed at 2023-May-12 21:05:29
wait_on_hw_ila [get_hw_ilas -of_objects [get_hw_devices xc7a35t_0] -filter {CELL_NAME=~"u_ila_0"}]
display_hw_ila_data [upload_hw_ila_data [get_hw_ilas -of_objects [get_hw_devices xc7a35t_0] -filter {CELL_NAME=~"u_ila_0"}]]
INFO: [Labtools 27-1966] The ILA core 'hw_ila_1' triggered at 2023-May-12 21:05:29
INFO: [Labtools 27-3304] ILA Waveform data saved to file C:/Users/Administrator/Desktop/xidian_4channel/xdu_4channel/xdu_4channel.hw/backup/hw_ila_data_1.ila. Use Tcl command 'import_hw_ila_data' or Vivado File->Import->Import ILA Data menu item to import the previously saved data.
run_hw_ila [get_hw_ilas -of_objects [get_hw_devices xc7a35t_0] -filter {CELL_NAME=~"u_ila_0"}]
INFO: [Labtools 27-1964] The ILA core 'hw_ila_1' trigger was armed at 2023-May-12 21:05:30
wait_on_hw_ila [get_hw_ilas -of_objects [get_hw_devices xc7a35t_0] -filter {CELL_NAME=~"u_ila_0"}]
display_hw_ila_data [upload_hw_ila_data [get_hw_ilas -of_objects [get_hw_devices xc7a35t_0] -filter {CELL_NAME=~"u_ila_0"}]]
INFO: [Labtools 27-1966] The ILA core 'hw_ila_1' triggered at 2023-May-12 21:05:30
INFO: [Labtools 27-3304] ILA Waveform data saved to file C:/Users/Administrator/Desktop/xidian_4channel/xdu_4channel/xdu_4channel.hw/backup/hw_ila_data_1.ila. Use Tcl command 'import_hw_ila_data' or Vivado File->Import->Import ILA Data menu item to import the previously saved data.
run_hw_ila [get_hw_ilas -of_objects [get_hw_devices xc7a35t_0] -filter {CELL_NAME=~"u_ila_0"}]
INFO: [Labtools 27-1964] The ILA core 'hw_ila_1' trigger was armed at 2023-May-12 21:05:31
wait_on_hw_ila [get_hw_ilas -of_objects [get_hw_devices xc7a35t_0] -filter {CELL_NAME=~"u_ila_0"}]
display_hw_ila_data [upload_hw_ila_data [get_hw_ilas -of_objects [get_hw_devices xc7a35t_0] -filter {CELL_NAME=~"u_ila_0"}]]
INFO: [Labtools 27-1966] The ILA core 'hw_ila_1' triggered at 2023-May-12 21:05:31
INFO: [Labtools 27-3304] ILA Waveform data saved to file C:/Users/Administrator/Desktop/xidian_4channel/xdu_4channel/xdu_4channel.hw/backup/hw_ila_data_1.ila. Use Tcl command 'import_hw_ila_data' or Vivado File->Import->Import ILA Data menu item to import the previously saved data.
run_hw_ila [get_hw_ilas -of_objects [get_hw_devices xc7a35t_0] -filter {CELL_NAME=~"u_ila_0"}]
INFO: [Labtools 27-1964] The ILA core 'hw_ila_1' trigger was armed at 2023-May-12 21:05:32
wait_on_hw_ila [get_hw_ilas -of_objects [get_hw_devices xc7a35t_0] -filter {CELL_NAME=~"u_ila_0"}]
display_hw_ila_data [upload_hw_ila_data [get_hw_ilas -of_objects [get_hw_devices xc7a35t_0] -filter {CELL_NAME=~"u_ila_0"}]]
INFO: [Labtools 27-1966] The ILA core 'hw_ila_1' triggered at 2023-May-12 21:05:32
INFO: [Labtools 27-3304] ILA Waveform data saved to file C:/Users/Administrator/Desktop/xidian_4channel/xdu_4channel/xdu_4channel.hw/backup/hw_ila_data_1.ila. Use Tcl command 'import_hw_ila_data' or Vivado File->Import->Import ILA Data menu item to import the previously saved data.
run_hw_ila [get_hw_ilas -of_objects [get_hw_devices xc7a35t_0] -filter {CELL_NAME=~"u_ila_0"}]
INFO: [Labtools 27-1964] The ILA core 'hw_ila_1' trigger was armed at 2023-May-12 21:08:26
wait_on_hw_ila [get_hw_ilas -of_objects [get_hw_devices xc7a35t_0] -filter {CELL_NAME=~"u_ila_0"}]
display_hw_ila_data [upload_hw_ila_data [get_hw_ilas -of_objects [get_hw_devices xc7a35t_0] -filter {CELL_NAME=~"u_ila_0"}]]
INFO: [Labtools 27-1966] The ILA core 'hw_ila_1' triggered at 2023-May-12 21:08:26
INFO: [Labtools 27-3304] ILA Waveform data saved to file C:/Users/Administrator/Desktop/xidian_4channel/xdu_4channel/xdu_4channel.hw/backup/hw_ila_data_1.ila. Use Tcl command 'import_hw_ila_data' or Vivado File->Import->Import ILA Data menu item to import the previously saved data.
run_hw_ila [get_hw_ilas -of_objects [get_hw_devices xc7a35t_0] -filter {CELL_NAME=~"u_ila_0"}]
INFO: [Labtools 27-1964] The ILA core 'hw_ila_1' trigger was armed at 2023-May-12 21:08:29
wait_on_hw_ila [get_hw_ilas -of_objects [get_hw_devices xc7a35t_0] -filter {CELL_NAME=~"u_ila_0"}]
display_hw_ila_data [upload_hw_ila_data [get_hw_ilas -of_objects [get_hw_devices xc7a35t_0] -filter {CELL_NAME=~"u_ila_0"}]]
INFO: [Labtools 27-1966] The ILA core 'hw_ila_1' triggered at 2023-May-12 21:08:29
INFO: [Labtools 27-3304] ILA Waveform data saved to file C:/Users/Administrator/Desktop/xidian_4channel/xdu_4channel/xdu_4channel.hw/backup/hw_ila_data_1.ila. Use Tcl command 'import_hw_ila_data' or Vivado File->Import->Import ILA Data menu item to import the previously saved data.
ERROR: [Labtoolstcl 44-513] HW Target shutdown. Closing target: localhost:3121/xilinx_tcf/Digilent/210512180081
INFO: [Labtoolstcl 44-466] Opening hw_target localhost:3121/xilinx_tcf/Digilent/210512180081
INFO: [Labtools 27-1434] Device xc7a35t (JTAG device index = 0) is programmed with a design that has no supported debug core(s) in it.
WARNING: [Labtools 27-3361] The debug hub core was not detected.
Resolution: 
1. Make sure the clock connected to the debug hub (dbg_hub) core is a free running clock and is active.
2. Make sure the BSCAN_SWITCH_USER_MASK device property in Vivado Hardware Manager reflects the user scan chain setting in the design and refresh the device.  To determine the user scan chain setting in the design, open the implemented design and use 'get_property C_USER_SCAN_CHAIN [get_debug_cores dbg_hub]'.
For more details on setting the scan chain property, consult the Vivado Debug and Programming User Guide (UG908).
WARNING: [Labtools 27-3403] Dropping logic core with cellname:'u_ila_0' from probes file, since it cannot be found on the programmed device.
WARNING: [Labtoolstcl 44-129] No matching hw_ila_data was found.
ERROR: [Labtoolstcl 44-513] HW Target shutdown. Closing target: localhost:3121/xilinx_tcf/Digilent/210512180081
INFO: [Labtoolstcl 44-466] Opening hw_target localhost:3121/xilinx_tcf/Digilent/210512180081
INFO: [Labtools 27-1434] Device xc7a35t (JTAG device index = 0) is programmed with a design that has no supported debug core(s) in it.
WARNING: [Labtools 27-3361] The debug hub core was not detected.
Resolution: 
1. Make sure the clock connected to the debug hub (dbg_hub) core is a free running clock and is active.
2. Make sure the BSCAN_SWITCH_USER_MASK device property in Vivado Hardware Manager reflects the user scan chain setting in the design and refresh the device.  To determine the user scan chain setting in the design, open the implemented design and use 'get_property C_USER_SCAN_CHAIN [get_debug_cores dbg_hub]'.
For more details on setting the scan chain property, consult the Vivado Debug and Programming User Guide (UG908).
WARNING: [Labtools 27-3403] Dropping logic core with cellname:'u_ila_0' from probes file, since it cannot be found on the programmed device.
WARNING: [Labtoolstcl 44-129] No matching hw_ila_data was found.
set_property PROBES.FILE {C:/Users/Administrator/Desktop/xidian_4channel/xdu_4channel/xdu_4channel.runs/impl_1/Multi_Channel_top.ltx} [get_hw_devices xc7a35t_0]
set_property FULL_PROBES.FILE {C:/Users/Administrator/Desktop/xidian_4channel/xdu_4channel/xdu_4channel.runs/impl_1/Multi_Channel_top.ltx} [get_hw_devices xc7a35t_0]
set_property PROGRAM.FILE {C:/Users/Administrator/Desktop/xidian_4channel/xdu_4channel/xdu_4channel.runs/impl_1/Multi_Channel_top.bit} [get_hw_devices xc7a35t_0]
program_hw_devices [get_hw_devices xc7a35t_0]
INFO: [Labtools 27-3164] End of startup status: HIGH
refresh_hw_device [lindex [get_hw_devices xc7a35t_0] 0]
INFO: [Labtools 27-2302] Device xc7a35t (JTAG device index = 0) is programmed with a design that has 1 ILA core(s).
display_hw_ila_data [ get_hw_ila_data hw_ila_data_1 -of_objects [get_hw_ilas -of_objects [get_hw_devices xc7a35t_0] -filter {CELL_NAME=~"u_ila_0"}]]
INFO: [Labtools 27-3304] ILA Waveform data saved to file C:/Users/Administrator/Desktop/xidian_4channel/xdu_4channel/xdu_4channel.hw/backup/hw_ila_data_1.ila. Use Tcl command 'import_hw_ila_data' or Vivado File->Import->Import ILA Data menu item to import the previously saved data.
run_hw_ila [get_hw_ilas -of_objects [get_hw_devices xc7a35t_0] -filter {CELL_NAME=~"u_ila_0"}]
INFO: [Labtools 27-1964] The ILA core 'hw_ila_1' trigger was armed at 2023-May-12 21:19:57
wait_on_hw_ila [get_hw_ilas -of_objects [get_hw_devices xc7a35t_0] -filter {CELL_NAME=~"u_ila_0"}]
display_hw_ila_data [upload_hw_ila_data [get_hw_ilas -of_objects [get_hw_devices xc7a35t_0] -filter {CELL_NAME=~"u_ila_0"}]]
INFO: [Labtools 27-1966] The ILA core 'hw_ila_1' triggered at 2023-May-12 21:19:57
INFO: [Labtools 27-3304] ILA Waveform data saved to file C:/Users/Administrator/Desktop/xidian_4channel/xdu_4channel/xdu_4channel.hw/backup/hw_ila_data_1.ila. Use Tcl command 'import_hw_ila_data' or Vivado File->Import->Import ILA Data menu item to import the previously saved data.
ERROR: [Labtoolstcl 44-513] HW Target shutdown. Closing target: localhost:3121/xilinx_tcf/Digilent/210512180081
INFO: [Labtoolstcl 44-466] Opening hw_target localhost:3121/xilinx_tcf/Digilent/210512180081
INFO: [Labtools 27-1434] Device xc7a35t (JTAG device index = 0) is programmed with a design that has no supported debug core(s) in it.
WARNING: [Labtools 27-3361] The debug hub core was not detected.
Resolution: 
1. Make sure the clock connected to the debug hub (dbg_hub) core is a free running clock and is active.
2. Make sure the BSCAN_SWITCH_USER_MASK device property in Vivado Hardware Manager reflects the user scan chain setting in the design and refresh the device.  To determine the user scan chain setting in the design, open the implemented design and use 'get_property C_USER_SCAN_CHAIN [get_debug_cores dbg_hub]'.
For more details on setting the scan chain property, consult the Vivado Debug and Programming User Guide (UG908).
WARNING: [Labtools 27-3403] Dropping logic core with cellname:'u_ila_0' from probes file, since it cannot be found on the programmed device.
WARNING: [Labtoolstcl 44-129] No matching hw_ila_data was found.
set_property PROBES.FILE {C:/Users/Administrator/Desktop/xidian_4channel/xdu_4channel/xdu_4channel.runs/impl_1/Multi_Channel_top.ltx} [get_hw_devices xc7a35t_0]
set_property FULL_PROBES.FILE {C:/Users/Administrator/Desktop/xidian_4channel/xdu_4channel/xdu_4channel.runs/impl_1/Multi_Channel_top.ltx} [get_hw_devices xc7a35t_0]
set_property PROGRAM.FILE {C:/Users/Administrator/Desktop/xidian_4channel/xdu_4channel/xdu_4channel.runs/impl_1/Multi_Channel_top.bit} [get_hw_devices xc7a35t_0]
program_hw_devices [get_hw_devices xc7a35t_0]
INFO: [Labtools 27-3164] End of startup status: HIGH
refresh_hw_device [lindex [get_hw_devices xc7a35t_0] 0]
INFO: [Labtools 27-2302] Device xc7a35t (JTAG device index = 0) is programmed with a design that has 1 ILA core(s).
display_hw_ila_data [ get_hw_ila_data hw_ila_data_1 -of_objects [get_hw_ilas -of_objects [get_hw_devices xc7a35t_0] -filter {CELL_NAME=~"u_ila_0"}]]
INFO: [Labtools 27-3304] ILA Waveform data saved to file C:/Users/Administrator/Desktop/xidian_4channel/xdu_4channel/xdu_4channel.hw/backup/hw_ila_data_1.ila. Use Tcl command 'import_hw_ila_data' or Vivado File->Import->Import ILA Data menu item to import the previously saved data.
ERROR: [Labtoolstcl 44-513] HW Target shutdown. Closing target: localhost:3121/xilinx_tcf/Digilent/210512180081
