#-----------------------------------------------------------
# Vivado v2017.4 (64-bit)
# SW Build 2086221 on Fri Dec 15 20:55:39 MST 2017
# IP Build 2085800 on Fri Dec 15 22:25:07 MST 2017
# Start of session at: Thu May 18 15:40:04 2023
# Process ID: 77392
# Current directory: C:/Users/Administrator/Desktop/xidian_4channel/xdu_4channel
# Command line: vivado.exe -gui_launcher_event rodinguilauncherevent74284 C:\Users\Administrator\Desktop\xidian_4channel\xdu_4channel\xdu_4channel.xpr
# Log file: C:/Users/Administrator/Desktop/xidian_4channel/xdu_4channel/vivado.log
# Journal file: C:/Users/Administrator/Desktop/xidian_4channel/xdu_4channel\vivado.jou
#-----------------------------------------------------------
start_gui
open_project C:/Users/Administrator/Desktop/xidian_4channel/xdu_4channel/xdu_4channel.xpr
INFO: [Project 1-313] Project file moved from 'C:/Users/quanzai/Desktop/xidian_4channel-master/xidian_4channel-master/xdu_4channel' since last save.
Scanning sources...
Finished scanning sources
INFO: [IP_Flow 19-234] Refreshing IP repositories
INFO: [IP_Flow 19-1704] No user IP repositories specified
INFO: [IP_Flow 19-2313] Loaded Vivado IP repository 'D:/Xilinx/Vivado/2017.4/data/ip'.
reset_run synth_1
launch_runs synth_1 -jobs 20
INFO: [Vivado 12-4149] The synthesis checkpoint for IP 'C:/Users/Administrator/Desktop/xidian_4channel/xdu_4channel/xdu_4channel.srcs/sources_1/ip/MULTI_Voltage2temp/MULTI_Voltage2temp.xci' is already up-to-date
[Thu May 18 15:40:52 2023] Launched synth_1...
Run output will be captured here: C:/Users/Administrator/Desktop/xidian_4channel/xdu_4channel/xdu_4channel.runs/synth_1/runme.log
reset_run synth_1
launch_runs impl_1 -to_step write_bitstream -jobs 20
INFO: [Vivado 12-4149] The synthesis checkpoint for IP 'C:/Users/Administrator/Desktop/xidian_4channel/xdu_4channel/xdu_4channel.srcs/sources_1/ip/MULTI_Voltage2temp/MULTI_Voltage2temp.xci' is already up-to-date
[Thu May 18 15:45:55 2023] Launched synth_1...
Run output will be captured here: C:/Users/Administrator/Desktop/xidian_4channel/xdu_4channel/xdu_4channel.runs/synth_1/runme.log
[Thu May 18 15:45:55 2023] Launched impl_1...
Run output will be captured here: C:/Users/Administrator/Desktop/xidian_4channel/xdu_4channel/xdu_4channel.runs/impl_1/runme.log
reset_run synth_1
launch_runs impl_1 -to_step write_bitstream -jobs 20
INFO: [Vivado 12-4149] The synthesis checkpoint for IP 'C:/Users/Administrator/Desktop/xidian_4channel/xdu_4channel/xdu_4channel.srcs/sources_1/ip/MULTI_Voltage2temp/MULTI_Voltage2temp.xci' is already up-to-date
[Thu May 18 15:48:50 2023] Launched synth_1...
Run output will be captured here: C:/Users/Administrator/Desktop/xidian_4channel/xdu_4channel/xdu_4channel.runs/synth_1/runme.log
[Thu May 18 15:48:50 2023] Launched impl_1...
Run output will be captured here: C:/Users/Administrator/Desktop/xidian_4channel/xdu_4channel/xdu_4channel.runs/impl_1/runme.log
