
*** Running vivado
    with args -log MULTI_Voltage2temp.vds -m64 -product Vivado -mode batch -messageDb vivado.pb -notrace -source MULTI_Voltage2temp.tcl


****** Vivado v2017.4 (64-bit)
  **** SW Build 2086221 on Fri Dec 15 20:55:39 MST 2017
  **** IP Build 2085800 on Fri Dec 15 22:25:07 MST 2017
    ** Copyright 1986-2017 Xilinx, Inc. All Rights Reserved.

source MULTI_Voltage2temp.tcl -notrace
Command: synth_design -top MULTI_Voltage2temp -part xc7a35tfgg484-2 -mode out_of_context
Starting synth_design
Attempting to get a license for feature 'Synthesis' and/or device 'xc7a35t'
INFO: [Common 17-349] Got license for feature 'Synthesis' and/or device 'xc7a35t'
INFO: Launching helper process for spawning children vivado processes
INFO: Helper process launched with PID 6320 
---------------------------------------------------------------------------------
Starting RTL Elaboration : Time (s): cpu = 00:00:10 ; elapsed = 00:00:10 . Memory (MB): peak = 403.449 ; gain = 100.441
---------------------------------------------------------------------------------
INFO: [Synth 8-638] synthesizing module 'MULTI_Voltage2temp' [c:/Users/quanzai/Desktop/xidian_4channel/xdu_4channel/xdu_4channel.srcs/sources_1/ip/MULTI_Voltage2temp/synth/MULTI_Voltage2temp.vhd:73]
	Parameter C_VERBOSITY bound to: 0 - type: integer 
	Parameter C_XDEVICEFAMILY bound to: artix7 - type: string 
	Parameter C_A_WIDTH bound to: 24 - type: integer 
	Parameter C_B_WIDTH bound to: 17 - type: integer 
	Parameter C_C_WIDTH bound to: 40 - type: integer 
	Parameter C_A_TYPE bound to: 0 - type: integer 
	Parameter C_B_TYPE bound to: 0 - type: integer 
	Parameter C_C_TYPE bound to: 0 - type: integer 
	Parameter C_CE_OVERRIDES_SCLR bound to: 0 - type: integer 
	Parameter C_AB_LATENCY bound to: -1 - type: integer 
	Parameter C_C_LATENCY bound to: -1 - type: integer 
	Parameter C_OUT_HIGH bound to: 39 - type: integer 
	Parameter C_OUT_LOW bound to: 0 - type: integer 
	Parameter C_USE_PCIN bound to: 0 - type: integer 
	Parameter C_TEST_CORE bound to: 0 - type: integer 
INFO: [Synth 8-3491] module 'xbip_multadd_v3_0_11' declared at 'c:/Users/quanzai/Desktop/xidian_4channel/xdu_4channel/xdu_4channel.srcs/sources_1/ip/MULTI_Voltage2temp/hdl/xbip_multadd_v3_0_vh_rfs.vhd:2175' bound to instance 'U0' of component 'xbip_multadd_v3_0_11' [c:/Users/quanzai/Desktop/xidian_4channel/xdu_4channel/xdu_4channel.srcs/sources_1/ip/MULTI_Voltage2temp/synth/MULTI_Voltage2temp.vhd:134]
INFO: [Synth 8-256] done synthesizing module 'MULTI_Voltage2temp' (7#1) [c:/Users/quanzai/Desktop/xidian_4channel/xdu_4channel/xdu_4channel.srcs/sources_1/ip/MULTI_Voltage2temp/synth/MULTI_Voltage2temp.vhd:73]
WARNING: [Synth 8-3331] design xbip_dsp48e1_wrapper_v3_0 has unconnected port CEA1
WARNING: [Synth 8-3331] design xbip_dsp48e1_wrapper_v3_0 has unconnected port CEA2
WARNING: [Synth 8-3331] design xbip_dsp48e1_wrapper_v3_0 has unconnected port CEB1
WARNING: [Synth 8-3331] design xbip_dsp48e1_wrapper_v3_0 has unconnected port CEB2
WARNING: [Synth 8-3331] design xbip_dsp48e1_wrapper_v3_0 has unconnected port CEAD
WARNING: [Synth 8-3331] design xbip_dsp48e1_wrapper_v3_0 has unconnected port CED
WARNING: [Synth 8-3331] design xbip_dsp48e1_wrapper_v3_0 has unconnected port CEC
WARNING: [Synth 8-3331] design xbip_dsp48e1_wrapper_v3_0 has unconnected port CECARRYIN
WARNING: [Synth 8-3331] design xbip_dsp48e1_wrapper_v3_0 has unconnected port CECTRL
WARNING: [Synth 8-3331] design xbip_dsp48e1_wrapper_v3_0 has unconnected port CEALUMODE
WARNING: [Synth 8-3331] design xbip_dsp48e1_wrapper_v3_0 has unconnected port CEINMODE
WARNING: [Synth 8-3331] design xbip_dsp48e1_wrapper_v3_0 has unconnected port CEM
WARNING: [Synth 8-3331] design xbip_dsp48e1_wrapper_v3_0 has unconnected port CEP
WARNING: [Synth 8-3331] design xbip_dsp48e1_wrapper_v3_0 has unconnected port SCLRA
WARNING: [Synth 8-3331] design xbip_dsp48e1_wrapper_v3_0 has unconnected port SCLRB
WARNING: [Synth 8-3331] design xbip_dsp48e1_wrapper_v3_0 has unconnected port SCLRC
WARNING: [Synth 8-3331] design xbip_dsp48e1_wrapper_v3_0 has unconnected port SCLRD
WARNING: [Synth 8-3331] design xbip_dsp48e1_wrapper_v3_0 has unconnected port SCLRALLCARRYIN
WARNING: [Synth 8-3331] design xbip_dsp48e1_wrapper_v3_0 has unconnected port SCLRCTRL
WARNING: [Synth 8-3331] design xbip_dsp48e1_wrapper_v3_0 has unconnected port SCLRALUMODE
WARNING: [Synth 8-3331] design xbip_dsp48e1_wrapper_v3_0 has unconnected port SCLRINMODE
WARNING: [Synth 8-3331] design xbip_dsp48e1_wrapper_v3_0 has unconnected port SCLRM
WARNING: [Synth 8-3331] design xbip_dsp48e1_wrapper_v3_0 has unconnected port SCLRP
WARNING: [Synth 8-3331] design multadd_dsp has unconnected port PCIN[47]
WARNING: [Synth 8-3331] design multadd_dsp has unconnected port PCIN[46]
WARNING: [Synth 8-3331] design multadd_dsp has unconnected port PCIN[45]
WARNING: [Synth 8-3331] design multadd_dsp has unconnected port PCIN[44]
WARNING: [Synth 8-3331] design multadd_dsp has unconnected port PCIN[43]
WARNING: [Synth 8-3331] design multadd_dsp has unconnected port PCIN[42]
WARNING: [Synth 8-3331] design multadd_dsp has unconnected port PCIN[41]
WARNING: [Synth 8-3331] design multadd_dsp has unconnected port PCIN[40]
WARNING: [Synth 8-3331] design multadd_dsp has unconnected port PCIN[39]
WARNING: [Synth 8-3331] design multadd_dsp has unconnected port PCIN[38]
WARNING: [Synth 8-3331] design multadd_dsp has unconnected port PCIN[37]
WARNING: [Synth 8-3331] design multadd_dsp has unconnected port PCIN[36]
WARNING: [Synth 8-3331] design multadd_dsp has unconnected port PCIN[35]
WARNING: [Synth 8-3331] design multadd_dsp has unconnected port PCIN[34]
WARNING: [Synth 8-3331] design multadd_dsp has unconnected port PCIN[33]
WARNING: [Synth 8-3331] design multadd_dsp has unconnected port PCIN[32]
WARNING: [Synth 8-3331] design multadd_dsp has unconnected port PCIN[31]
WARNING: [Synth 8-3331] design multadd_dsp has unconnected port PCIN[30]
WARNING: [Synth 8-3331] design multadd_dsp has unconnected port PCIN[29]
WARNING: [Synth 8-3331] design multadd_dsp has unconnected port PCIN[28]
WARNING: [Synth 8-3331] design multadd_dsp has unconnected port PCIN[27]
WARNING: [Synth 8-3331] design multadd_dsp has unconnected port PCIN[26]
WARNING: [Synth 8-3331] design multadd_dsp has unconnected port PCIN[25]
WARNING: [Synth 8-3331] design multadd_dsp has unconnected port PCIN[24]
WARNING: [Synth 8-3331] design multadd_dsp has unconnected port PCIN[23]
WARNING: [Synth 8-3331] design multadd_dsp has unconnected port PCIN[22]
WARNING: [Synth 8-3331] design multadd_dsp has unconnected port PCIN[21]
WARNING: [Synth 8-3331] design multadd_dsp has unconnected port PCIN[20]
WARNING: [Synth 8-3331] design multadd_dsp has unconnected port PCIN[19]
WARNING: [Synth 8-3331] design multadd_dsp has unconnected port PCIN[18]
WARNING: [Synth 8-3331] design multadd_dsp has unconnected port PCIN[17]
WARNING: [Synth 8-3331] design multadd_dsp has unconnected port PCIN[16]
WARNING: [Synth 8-3331] design multadd_dsp has unconnected port PCIN[15]
WARNING: [Synth 8-3331] design multadd_dsp has unconnected port PCIN[14]
WARNING: [Synth 8-3331] design multadd_dsp has unconnected port PCIN[13]
WARNING: [Synth 8-3331] design multadd_dsp has unconnected port PCIN[12]
WARNING: [Synth 8-3331] design multadd_dsp has unconnected port PCIN[11]
WARNING: [Synth 8-3331] design multadd_dsp has unconnected port PCIN[10]
WARNING: [Synth 8-3331] design multadd_dsp has unconnected port PCIN[9]
WARNING: [Synth 8-3331] design multadd_dsp has unconnected port PCIN[8]
WARNING: [Synth 8-3331] design multadd_dsp has unconnected port PCIN[7]
WARNING: [Synth 8-3331] design multadd_dsp has unconnected port PCIN[6]
WARNING: [Synth 8-3331] design multadd_dsp has unconnected port PCIN[5]
WARNING: [Synth 8-3331] design multadd_dsp has unconnected port PCIN[4]
WARNING: [Synth 8-3331] design multadd_dsp has unconnected port PCIN[3]
WARNING: [Synth 8-3331] design multadd_dsp has unconnected port PCIN[2]
WARNING: [Synth 8-3331] design multadd_dsp has unconnected port PCIN[1]
WARNING: [Synth 8-3331] design multadd_dsp has unconnected port PCIN[0]
---------------------------------------------------------------------------------
Finished RTL Elaboration : Time (s): cpu = 00:00:14 ; elapsed = 00:00:14 . Memory (MB): peak = 480.957 ; gain = 177.949
---------------------------------------------------------------------------------

Report Check Netlist: 
+------+------------------+-------+---------+-------+------------------+
|      |Item              |Errors |Warnings |Status |Description       |
+------+------------------+-------+---------+-------+------------------+
|1     |multi_driven_nets |      0|        0|Passed |Multi driven nets |
+------+------------------+-------+---------+-------+------------------+
---------------------------------------------------------------------------------
Finished RTL Optimization Phase 1 : Time (s): cpu = 00:00:14 ; elapsed = 00:00:14 . Memory (MB): peak = 480.957 ; gain = 177.949
---------------------------------------------------------------------------------
INFO: [Netlist 29-17] Analyzing 1 Unisim elements for replacement
INFO: [Netlist 29-28] Unisim Transformation completed in 0 CPU seconds
INFO: [Device 21-403] Loading part xc7a35tfgg484-2
INFO: [Project 1-570] Preparing netlist for logic optimization

Processing XDC Constraints
Initializing timing engine
Parsing XDC File [c:/Users/quanzai/Desktop/xidian_4channel/xdu_4channel/xdu_4channel.srcs/sources_1/ip/MULTI_Voltage2temp/MULTI_Voltage2temp_ooc.xdc] for cell 'U0'
Finished Parsing XDC File [c:/Users/quanzai/Desktop/xidian_4channel/xdu_4channel/xdu_4channel.srcs/sources_1/ip/MULTI_Voltage2temp/MULTI_Voltage2temp_ooc.xdc] for cell 'U0'
Parsing XDC File [C:/Users/quanzai/Desktop/xidian_4channel/xdu_4channel/xdu_4channel.runs/MULTI_Voltage2temp_synth_1/dont_touch.xdc]
Finished Parsing XDC File [C:/Users/quanzai/Desktop/xidian_4channel/xdu_4channel/xdu_4channel.runs/MULTI_Voltage2temp_synth_1/dont_touch.xdc]
Completed Processing XDC Constraints

INFO: [Project 1-111] Unisim Transformation Summary:
No Unisim elements were transformed.

Constraint Validation Runtime : Time (s): cpu = 00:00:00 ; elapsed = 00:00:00.010 . Memory (MB): peak = 697.266 ; gain = 0.000
---------------------------------------------------------------------------------
Finished Constraint Validation : Time (s): cpu = 00:00:29 ; elapsed = 00:00:30 . Memory (MB): peak = 697.266 ; gain = 394.258
---------------------------------------------------------------------------------
---------------------------------------------------------------------------------
Start Loading Part and Timing Information
---------------------------------------------------------------------------------
Loading part: xc7a35tfgg484-2
---------------------------------------------------------------------------------
Finished Loading Part and Timing Information : Time (s): cpu = 00:00:29 ; elapsed = 00:00:30 . Memory (MB): peak = 697.266 ; gain = 394.258
---------------------------------------------------------------------------------
---------------------------------------------------------------------------------
Start Applying 'set_property' XDC Constraints
---------------------------------------------------------------------------------
Applied set_property DONT_TOUCH = true for U0. (constraint file  C:/Users/quanzai/Desktop/xidian_4channel/xdu_4channel/xdu_4channel.runs/MULTI_Voltage2temp_synth_1/dont_touch.xdc, line 9).
---------------------------------------------------------------------------------
Finished applying 'set_property' XDC Constraints : Time (s): cpu = 00:00:29 ; elapsed = 00:00:30 . Memory (MB): peak = 697.266 ; gain = 394.258
---------------------------------------------------------------------------------
---------------------------------------------------------------------------------
Finished RTL Optimization Phase 2 : Time (s): cpu = 00:00:29 ; elapsed = 00:00:30 . Memory (MB): peak = 697.266 ; gain = 394.258
---------------------------------------------------------------------------------

Report RTL Partitions: 
+-+--------------+------------+----------+
| |RTL Partition |Replication |Instances |
+-+--------------+------------+----------+
+-+--------------+------------+----------+
---------------------------------------------------------------------------------
Start RTL Component Statistics 
---------------------------------------------------------------------------------
---------------------------------------------------------------------------------
Finished RTL Component Statistics 
---------------------------------------------------------------------------------
---------------------------------------------------------------------------------
Start RTL Hierarchical Component Statistics 
---------------------------------------------------------------------------------
---------------------------------------------------------------------------------
Finished RTL Hierarchical Component Statistics
---------------------------------------------------------------------------------
---------------------------------------------------------------------------------
Start Part Resource Summary
---------------------------------------------------------------------------------
Part Resources:
DSPs: 90 (col length:60)
BRAMs: 100 (col length: RAMB18 60 RAMB36 30)
---------------------------------------------------------------------------------
Finished Part Resource Summary
---------------------------------------------------------------------------------
---------------------------------------------------------------------------------
Start Cross Boundary and Area Optimization
---------------------------------------------------------------------------------
WARNING: [Synth 8-3331] design xbip_multadd_v3_0_11_viv has unconnected port PCIN[47]
WARNING: [Synth 8-3331] design xbip_multadd_v3_0_11_viv has unconnected port PCIN[46]
WARNING: [Synth 8-3331] design xbip_multadd_v3_0_11_viv has unconnected port PCIN[45]
WARNING: [Synth 8-3331] design xbip_multadd_v3_0_11_viv has unconnected port PCIN[44]
WARNING: [Synth 8-3331] design xbip_multadd_v3_0_11_viv has unconnected port PCIN[43]
WARNING: [Synth 8-3331] design xbip_multadd_v3_0_11_viv has unconnected port PCIN[42]
WARNING: [Synth 8-3331] design xbip_multadd_v3_0_11_viv has unconnected port PCIN[41]
WARNING: [Synth 8-3331] design xbip_multadd_v3_0_11_viv has unconnected port PCIN[40]
WARNING: [Synth 8-3331] design xbip_multadd_v3_0_11_viv has unconnected port PCIN[39]
WARNING: [Synth 8-3331] design xbip_multadd_v3_0_11_viv has unconnected port PCIN[38]
WARNING: [Synth 8-3331] design xbip_multadd_v3_0_11_viv has unconnected port PCIN[37]
WARNING: [Synth 8-3331] design xbip_multadd_v3_0_11_viv has unconnected port PCIN[36]
WARNING: [Synth 8-3331] design xbip_multadd_v3_0_11_viv has unconnected port PCIN[35]
WARNING: [Synth 8-3331] design xbip_multadd_v3_0_11_viv has unconnected port PCIN[34]
WARNING: [Synth 8-3331] design xbip_multadd_v3_0_11_viv has unconnected port PCIN[33]
WARNING: [Synth 8-3331] design xbip_multadd_v3_0_11_viv has unconnected port PCIN[32]
WARNING: [Synth 8-3331] design xbip_multadd_v3_0_11_viv has unconnected port PCIN[31]
WARNING: [Synth 8-3331] design xbip_multadd_v3_0_11_viv has unconnected port PCIN[30]
WARNING: [Synth 8-3331] design xbip_multadd_v3_0_11_viv has unconnected port PCIN[29]
WARNING: [Synth 8-3331] design xbip_multadd_v3_0_11_viv has unconnected port PCIN[28]
WARNING: [Synth 8-3331] design xbip_multadd_v3_0_11_viv has unconnected port PCIN[27]
WARNING: [Synth 8-3331] design xbip_multadd_v3_0_11_viv has unconnected port PCIN[26]
WARNING: [Synth 8-3331] design xbip_multadd_v3_0_11_viv has unconnected port PCIN[25]
WARNING: [Synth 8-3331] design xbip_multadd_v3_0_11_viv has unconnected port PCIN[24]
WARNING: [Synth 8-3331] design xbip_multadd_v3_0_11_viv has unconnected port PCIN[23]
WARNING: [Synth 8-3331] design xbip_multadd_v3_0_11_viv has unconnected port PCIN[22]
WARNING: [Synth 8-3331] design xbip_multadd_v3_0_11_viv has unconnected port PCIN[21]
WARNING: [Synth 8-3331] design xbip_multadd_v3_0_11_viv has unconnected port PCIN[20]
WARNING: [Synth 8-3331] design xbip_multadd_v3_0_11_viv has unconnected port PCIN[19]
INFO: [Common 17-14] Message 'Synth 8-3331' appears 100 times and further instances of the messages will be disabled. Use the Tcl command set_msg_config to change the current settings.
---------------------------------------------------------------------------------
Finished Cross Boundary and Area Optimization : Time (s): cpu = 00:00:30 ; elapsed = 00:00:31 . Memory (MB): peak = 697.266 ; gain = 394.258
---------------------------------------------------------------------------------

Report RTL Partitions: 
+-+--------------+------------+----------+
| |RTL Partition |Replication |Instances |
+-+--------------+------------+----------+
+-+--------------+------------+----------+
---------------------------------------------------------------------------------
Start Applying XDC Timing Constraints
---------------------------------------------------------------------------------
---------------------------------------------------------------------------------
Finished Applying XDC Timing Constraints : Time (s): cpu = 00:00:44 ; elapsed = 00:00:45 . Memory (MB): peak = 790.074 ; gain = 487.066
---------------------------------------------------------------------------------
---------------------------------------------------------------------------------
Start Timing Optimization
---------------------------------------------------------------------------------
---------------------------------------------------------------------------------
Finished Timing Optimization : Time (s): cpu = 00:00:44 ; elapsed = 00:00:45 . Memory (MB): peak = 790.223 ; gain = 487.215
---------------------------------------------------------------------------------

Report RTL Partitions: 
+-+--------------+------------+----------+
| |RTL Partition |Replication |Instances |
+-+--------------+------------+----------+
+-+--------------+------------+----------+
---------------------------------------------------------------------------------
Start Technology Mapping
---------------------------------------------------------------------------------
---------------------------------------------------------------------------------
Finished Technology Mapping : Time (s): cpu = 00:00:44 ; elapsed = 00:00:45 . Memory (MB): peak = 799.812 ; gain = 496.805
---------------------------------------------------------------------------------

Report RTL Partitions: 
+-+--------------+------------+----------+
| |RTL Partition |Replication |Instances |
+-+--------------+------------+----------+
+-+--------------+------------+----------+
---------------------------------------------------------------------------------
Start IO Insertion
---------------------------------------------------------------------------------
---------------------------------------------------------------------------------
Start Flattening Before IO Insertion
---------------------------------------------------------------------------------
---------------------------------------------------------------------------------
Finished Flattening Before IO Insertion
---------------------------------------------------------------------------------
---------------------------------------------------------------------------------
Start Final Netlist Cleanup
---------------------------------------------------------------------------------
---------------------------------------------------------------------------------
Finished Final Netlist Cleanup
---------------------------------------------------------------------------------
---------------------------------------------------------------------------------
Finished IO Insertion : Time (s): cpu = 00:00:45 ; elapsed = 00:00:47 . Memory (MB): peak = 799.812 ; gain = 496.805
---------------------------------------------------------------------------------

Report Check Netlist: 
+------+------------------+-------+---------+-------+------------------+
|      |Item              |Errors |Warnings |Status |Description       |
+------+------------------+-------+---------+-------+------------------+
|1     |multi_driven_nets |      0|        0|Passed |Multi driven nets |
+------+------------------+-------+---------+-------+------------------+
---------------------------------------------------------------------------------
Start Renaming Generated Instances
---------------------------------------------------------------------------------
---------------------------------------------------------------------------------
Finished Renaming Generated Instances : Time (s): cpu = 00:00:45 ; elapsed = 00:00:47 . Memory (MB): peak = 799.812 ; gain = 496.805
---------------------------------------------------------------------------------

Report RTL Partitions: 
+-+--------------+------------+----------+
| |RTL Partition |Replication |Instances |
+-+--------------+------------+----------+
+-+--------------+------------+----------+
---------------------------------------------------------------------------------
Start Rebuilding User Hierarchy
---------------------------------------------------------------------------------
---------------------------------------------------------------------------------
Finished Rebuilding User Hierarchy : Time (s): cpu = 00:00:45 ; elapsed = 00:00:47 . Memory (MB): peak = 799.812 ; gain = 496.805
---------------------------------------------------------------------------------
---------------------------------------------------------------------------------
Start Renaming Generated Ports
---------------------------------------------------------------------------------
---------------------------------------------------------------------------------
Finished Renaming Generated Ports : Time (s): cpu = 00:00:45 ; elapsed = 00:00:47 . Memory (MB): peak = 799.812 ; gain = 496.805
---------------------------------------------------------------------------------
---------------------------------------------------------------------------------
Start Handling Custom Attributes
---------------------------------------------------------------------------------
---------------------------------------------------------------------------------
Finished Handling Custom Attributes : Time (s): cpu = 00:00:45 ; elapsed = 00:00:47 . Memory (MB): peak = 799.812 ; gain = 496.805
---------------------------------------------------------------------------------
---------------------------------------------------------------------------------
Start Renaming Generated Nets
---------------------------------------------------------------------------------
---------------------------------------------------------------------------------
Finished Renaming Generated Nets : Time (s): cpu = 00:00:45 ; elapsed = 00:00:47 . Memory (MB): peak = 799.812 ; gain = 496.805
---------------------------------------------------------------------------------
---------------------------------------------------------------------------------
Start Writing Synthesis Report
---------------------------------------------------------------------------------

Report BlackBoxes: 
+-+--------------+----------+
| |BlackBox name |Instances |
+-+--------------+----------+
+-+--------------+----------+

Report Cell Usage: 
+------+--------+------+
|      |Cell    |Count |
+------+--------+------+
|1     |DSP48E1 |     1|
+------+--------+------+
---------------------------------------------------------------------------------
Finished Writing Synthesis Report : Time (s): cpu = 00:00:45 ; elapsed = 00:00:47 . Memory (MB): peak = 799.812 ; gain = 496.805
---------------------------------------------------------------------------------
Synthesis finished with 0 errors, 0 critical warnings and 48 warnings.
Synthesis Optimization Runtime : Time (s): cpu = 00:00:24 ; elapsed = 00:00:39 . Memory (MB): peak = 799.812 ; gain = 280.496
Synthesis Optimization Complete : Time (s): cpu = 00:00:45 ; elapsed = 00:00:47 . Memory (MB): peak = 799.812 ; gain = 496.805
INFO: [Project 1-571] Translating synthesized netlist
INFO: [Netlist 29-17] Analyzing 1 Unisim elements for replacement
INFO: [Netlist 29-28] Unisim Transformation completed in 0 CPU seconds
INFO: [Project 1-570] Preparing netlist for logic optimization
INFO: [Opt 31-138] Pushed 0 inverter(s) to 0 load pin(s).
INFO: [Project 1-111] Unisim Transformation Summary:
No Unisim elements were transformed.

INFO: [Common 17-83] Releasing license: Synthesis
17 Infos, 100 Warnings, 0 Critical Warnings and 0 Errors encountered.
synth_design completed successfully
synth_design: Time (s): cpu = 00:00:46 ; elapsed = 00:00:50 . Memory (MB): peak = 799.812 ; gain = 508.336
INFO: [Common 17-1381] The checkpoint 'C:/Users/quanzai/Desktop/xidian_4channel/xdu_4channel/xdu_4channel.runs/MULTI_Voltage2temp_synth_1/MULTI_Voltage2temp.dcp' has been generated.
