
*** Running vivado
    with args -log Mul_PID.vds -m64 -product Vivado -mode batch -messageDb vivado.pb -notrace -source Mul_PID.tcl


****** Vivado v2017.4 (64-bit)
  **** SW Build 2086221 on Fri Dec 15 20:55:39 MST 2017
  **** IP Build 2085800 on Fri Dec 15 22:25:07 MST 2017
    ** Copyright 1986-2017 Xilinx, Inc. All Rights Reserved.

source Mul_PID.tcl -notrace
Command: synth_design -top Mul_PID -part xc7a35tfgg484-2 -mode out_of_context
Starting synth_design
Attempting to get a license for feature 'Synthesis' and/or device 'xc7a35t'
INFO: [Common 17-349] Got license for feature 'Synthesis' and/or device 'xc7a35t'
INFO: Launching helper process for spawning children vivado processes
INFO: Helper process launched with PID 38784 
---------------------------------------------------------------------------------
Starting RTL Elaboration : Time (s): cpu = 00:00:10 ; elapsed = 00:00:11 . Memory (MB): peak = 403.668 ; gain = 100.199
---------------------------------------------------------------------------------
INFO: [Synth 8-638] synthesizing module 'Mul_PID' [c:/Users/quanzai/Desktop/xidian_4channel/xdu_4channel/xdu_4channel.srcs/sources_1/ip/Mul_PID/synth/Mul_PID.vhd:74]
	Parameter C_VERBOSITY bound to: 0 - type: integer 
	Parameter C_XDEVICEFAMILY bound to: artix7 - type: string 
	Parameter C_A_WIDTH bound to: 16 - type: integer 
	Parameter C_B_WIDTH bound to: 16 - type: integer 
	Parameter C_C_WIDTH bound to: 48 - type: integer 
	Parameter C_A_TYPE bound to: 0 - type: integer 
	Parameter C_B_TYPE bound to: 0 - type: integer 
	Parameter C_C_TYPE bound to: 0 - type: integer 
	Parameter C_CE_OVERRIDES_SCLR bound to: 0 - type: integer 
	Parameter C_AB_LATENCY bound to: -1 - type: integer 
	Parameter C_C_LATENCY bound to: 0 - type: integer 
	Parameter C_OUT_HIGH bound to: 31 - type: integer 
	Parameter C_OUT_LOW bound to: 0 - type: integer 
	Parameter C_USE_PCIN bound to: 1 - type: integer 
	Parameter C_TEST_CORE bound to: 0 - type: integer 
INFO: [Synth 8-3491] module 'xbip_multadd_v3_0_11' declared at 'c:/Users/quanzai/Desktop/xidian_4channel/xdu_4channel/xdu_4channel.srcs/sources_1/ip/Mul_PID/hdl/xbip_multadd_v3_0_vh_rfs.vhd:2175' bound to instance 'U0' of component 'xbip_multadd_v3_0_11' [c:/Users/quanzai/Desktop/xidian_4channel/xdu_4channel/xdu_4channel.srcs/sources_1/ip/Mul_PID/synth/Mul_PID.vhd:137]
INFO: [Synth 8-256] done synthesizing module 'Mul_PID' (7#1) [c:/Users/quanzai/Desktop/xidian_4channel/xdu_4channel/xdu_4channel.srcs/sources_1/ip/Mul_PID/synth/Mul_PID.vhd:74]
WARNING: [Synth 8-3331] design xbip_dsp48e1_wrapper_v3_0 has unconnected port CEA1
WARNING: [Synth 8-3331] design xbip_dsp48e1_wrapper_v3_0 has unconnected port CEA2
WARNING: [Synth 8-3331] design xbip_dsp48e1_wrapper_v3_0 has unconnected port CEB1
WARNING: [Synth 8-3331] design xbip_dsp48e1_wrapper_v3_0 has unconnected port CEB2
WARNING: [Synth 8-3331] design xbip_dsp48e1_wrapper_v3_0 has unconnected port CEAD
WARNING: [Synth 8-3331] design xbip_dsp48e1_wrapper_v3_0 has unconnected port CED
WARNING: [Synth 8-3331] design xbip_dsp48e1_wrapper_v3_0 has unconnected port CEC
WARNING: [Synth 8-3331] design xbip_dsp48e1_wrapper_v3_0 has unconnected port CECARRYIN
WARNING: [Synth 8-3331] design xbip_dsp48e1_wrapper_v3_0 has unconnected port CECTRL
WARNING: [Synth 8-3331] design xbip_dsp48e1_wrapper_v3_0 has unconnected port CEALUMODE
WARNING: [Synth 8-3331] design xbip_dsp48e1_wrapper_v3_0 has unconnected port CEINMODE
WARNING: [Synth 8-3331] design xbip_dsp48e1_wrapper_v3_0 has unconnected port CEM
WARNING: [Synth 8-3331] design xbip_dsp48e1_wrapper_v3_0 has unconnected port CEP
WARNING: [Synth 8-3331] design xbip_dsp48e1_wrapper_v3_0 has unconnected port SCLRA
WARNING: [Synth 8-3331] design xbip_dsp48e1_wrapper_v3_0 has unconnected port SCLRB
WARNING: [Synth 8-3331] design xbip_dsp48e1_wrapper_v3_0 has unconnected port SCLRC
WARNING: [Synth 8-3331] design xbip_dsp48e1_wrapper_v3_0 has unconnected port SCLRD
WARNING: [Synth 8-3331] design xbip_dsp48e1_wrapper_v3_0 has unconnected port SCLRALLCARRYIN
WARNING: [Synth 8-3331] design xbip_dsp48e1_wrapper_v3_0 has unconnected port SCLRCTRL
WARNING: [Synth 8-3331] design xbip_dsp48e1_wrapper_v3_0 has unconnected port SCLRALUMODE
WARNING: [Synth 8-3331] design xbip_dsp48e1_wrapper_v3_0 has unconnected port SCLRINMODE
WARNING: [Synth 8-3331] design xbip_dsp48e1_wrapper_v3_0 has unconnected port SCLRM
WARNING: [Synth 8-3331] design xbip_dsp48e1_wrapper_v3_0 has unconnected port SCLRP
WARNING: [Synth 8-3331] design multadd_dsp has unconnected port C[47]
WARNING: [Synth 8-3331] design multadd_dsp has unconnected port C[46]
WARNING: [Synth 8-3331] design multadd_dsp has unconnected port C[45]
WARNING: [Synth 8-3331] design multadd_dsp has unconnected port C[44]
WARNING: [Synth 8-3331] design multadd_dsp has unconnected port C[43]
WARNING: [Synth 8-3331] design multadd_dsp has unconnected port C[42]
WARNING: [Synth 8-3331] design multadd_dsp has unconnected port C[41]
WARNING: [Synth 8-3331] design multadd_dsp has unconnected port C[40]
WARNING: [Synth 8-3331] design multadd_dsp has unconnected port C[39]
WARNING: [Synth 8-3331] design multadd_dsp has unconnected port C[38]
WARNING: [Synth 8-3331] design multadd_dsp has unconnected port C[37]
WARNING: [Synth 8-3331] design multadd_dsp has unconnected port C[36]
WARNING: [Synth 8-3331] design multadd_dsp has unconnected port C[35]
WARNING: [Synth 8-3331] design multadd_dsp has unconnected port C[34]
WARNING: [Synth 8-3331] design multadd_dsp has unconnected port C[33]
WARNING: [Synth 8-3331] design multadd_dsp has unconnected port C[32]
WARNING: [Synth 8-3331] design multadd_dsp has unconnected port C[31]
WARNING: [Synth 8-3331] design multadd_dsp has unconnected port C[30]
WARNING: [Synth 8-3331] design multadd_dsp has unconnected port C[29]
WARNING: [Synth 8-3331] design multadd_dsp has unconnected port C[28]
WARNING: [Synth 8-3331] design multadd_dsp has unconnected port C[27]
WARNING: [Synth 8-3331] design multadd_dsp has unconnected port C[26]
WARNING: [Synth 8-3331] design multadd_dsp has unconnected port C[25]
WARNING: [Synth 8-3331] design multadd_dsp has unconnected port C[24]
WARNING: [Synth 8-3331] design multadd_dsp has unconnected port C[23]
WARNING: [Synth 8-3331] design multadd_dsp has unconnected port C[22]
WARNING: [Synth 8-3331] design multadd_dsp has unconnected port C[21]
WARNING: [Synth 8-3331] design multadd_dsp has unconnected port C[20]
WARNING: [Synth 8-3331] design multadd_dsp has unconnected port C[19]
WARNING: [Synth 8-3331] design multadd_dsp has unconnected port C[18]
WARNING: [Synth 8-3331] design multadd_dsp has unconnected port C[17]
WARNING: [Synth 8-3331] design multadd_dsp has unconnected port C[16]
WARNING: [Synth 8-3331] design multadd_dsp has unconnected port C[15]
WARNING: [Synth 8-3331] design multadd_dsp has unconnected port C[14]
WARNING: [Synth 8-3331] design multadd_dsp has unconnected port C[13]
WARNING: [Synth 8-3331] design multadd_dsp has unconnected port C[12]
WARNING: [Synth 8-3331] design multadd_dsp has unconnected port C[11]
WARNING: [Synth 8-3331] design multadd_dsp has unconnected port C[10]
WARNING: [Synth 8-3331] design multadd_dsp has unconnected port C[9]
WARNING: [Synth 8-3331] design multadd_dsp has unconnected port C[8]
WARNING: [Synth 8-3331] design multadd_dsp has unconnected port C[7]
WARNING: [Synth 8-3331] design multadd_dsp has unconnected port C[6]
WARNING: [Synth 8-3331] design multadd_dsp has unconnected port C[5]
WARNING: [Synth 8-3331] design multadd_dsp has unconnected port C[4]
WARNING: [Synth 8-3331] design multadd_dsp has unconnected port C[3]
WARNING: [Synth 8-3331] design multadd_dsp has unconnected port C[2]
WARNING: [Synth 8-3331] design multadd_dsp has unconnected port C[1]
WARNING: [Synth 8-3331] design multadd_dsp has unconnected port C[0]
---------------------------------------------------------------------------------
Finished RTL Elaboration : Time (s): cpu = 00:00:15 ; elapsed = 00:00:15 . Memory (MB): peak = 481.059 ; gain = 177.590
---------------------------------------------------------------------------------

Report Check Netlist: 
+------+------------------+-------+---------+-------+------------------+
|      |Item              |Errors |Warnings |Status |Description       |
+------+------------------+-------+---------+-------+------------------+
|1     |multi_driven_nets |      0|        0|Passed |Multi driven nets |
+------+------------------+-------+---------+-------+------------------+
---------------------------------------------------------------------------------
Finished RTL Optimization Phase 1 : Time (s): cpu = 00:00:15 ; elapsed = 00:00:15 . Memory (MB): peak = 481.059 ; gain = 177.590
---------------------------------------------------------------------------------
INFO: [Netlist 29-17] Analyzing 1 Unisim elements for replacement
INFO: [Netlist 29-28] Unisim Transformation completed in 0 CPU seconds
INFO: [Device 21-403] Loading part xc7a35tfgg484-2
INFO: [Project 1-570] Preparing netlist for logic optimization

Processing XDC Constraints
Initializing timing engine
Parsing XDC File [c:/Users/quanzai/Desktop/xidian_4channel/xdu_4channel/xdu_4channel.srcs/sources_1/ip/Mul_PID/Mul_PID_ooc.xdc] for cell 'U0'
Finished Parsing XDC File [c:/Users/quanzai/Desktop/xidian_4channel/xdu_4channel/xdu_4channel.srcs/sources_1/ip/Mul_PID/Mul_PID_ooc.xdc] for cell 'U0'
Parsing XDC File [C:/Users/quanzai/Desktop/xidian_4channel/xdu_4channel/xdu_4channel.runs/Mul_PID_synth_1/dont_touch.xdc]
Finished Parsing XDC File [C:/Users/quanzai/Desktop/xidian_4channel/xdu_4channel/xdu_4channel.runs/Mul_PID_synth_1/dont_touch.xdc]
Completed Processing XDC Constraints

INFO: [Project 1-111] Unisim Transformation Summary:
No Unisim elements were transformed.

Constraint Validation Runtime : Time (s): cpu = 00:00:00 ; elapsed = 00:00:00.011 . Memory (MB): peak = 698.461 ; gain = 0.000
---------------------------------------------------------------------------------
Finished Constraint Validation : Time (s): cpu = 00:00:30 ; elapsed = 00:00:31 . Memory (MB): peak = 698.461 ; gain = 394.992
---------------------------------------------------------------------------------
---------------------------------------------------------------------------------
Start Loading Part and Timing Information
---------------------------------------------------------------------------------
Loading part: xc7a35tfgg484-2
---------------------------------------------------------------------------------
Finished Loading Part and Timing Information : Time (s): cpu = 00:00:30 ; elapsed = 00:00:31 . Memory (MB): peak = 698.461 ; gain = 394.992
---------------------------------------------------------------------------------
---------------------------------------------------------------------------------
Start Applying 'set_property' XDC Constraints
---------------------------------------------------------------------------------
Applied set_property DONT_TOUCH = true for U0. (constraint file  C:/Users/quanzai/Desktop/xidian_4channel/xdu_4channel/xdu_4channel.runs/Mul_PID_synth_1/dont_touch.xdc, line 9).
---------------------------------------------------------------------------------
Finished applying 'set_property' XDC Constraints : Time (s): cpu = 00:00:30 ; elapsed = 00:00:31 . Memory (MB): peak = 698.461 ; gain = 394.992
---------------------------------------------------------------------------------
---------------------------------------------------------------------------------
Finished RTL Optimization Phase 2 : Time (s): cpu = 00:00:30 ; elapsed = 00:00:32 . Memory (MB): peak = 698.461 ; gain = 394.992
---------------------------------------------------------------------------------

Report RTL Partitions: 
+-+--------------+------------+----------+
| |RTL Partition |Replication |Instances |
+-+--------------+------------+----------+
+-+--------------+------------+----------+
---------------------------------------------------------------------------------
Start RTL Component Statistics 
---------------------------------------------------------------------------------
---------------------------------------------------------------------------------
Finished RTL Component Statistics 
---------------------------------------------------------------------------------
---------------------------------------------------------------------------------
Start RTL Hierarchical Component Statistics 
---------------------------------------------------------------------------------
---------------------------------------------------------------------------------
Finished RTL Hierarchical Component Statistics
---------------------------------------------------------------------------------
---------------------------------------------------------------------------------
Start Part Resource Summary
---------------------------------------------------------------------------------
Part Resources:
DSPs: 90 (col length:60)
BRAMs: 100 (col length: RAMB18 60 RAMB36 30)
---------------------------------------------------------------------------------
Finished Part Resource Summary
---------------------------------------------------------------------------------
---------------------------------------------------------------------------------
Start Cross Boundary and Area Optimization
---------------------------------------------------------------------------------
WARNING: [Synth 8-3331] design xbip_multadd_v3_0_11_viv has unconnected port C[47]
WARNING: [Synth 8-3331] design xbip_multadd_v3_0_11_viv has unconnected port C[46]
WARNING: [Synth 8-3331] design xbip_multadd_v3_0_11_viv has unconnected port C[45]
WARNING: [Synth 8-3331] design xbip_multadd_v3_0_11_viv has unconnected port C[44]
WARNING: [Synth 8-3331] design xbip_multadd_v3_0_11_viv has unconnected port C[43]
WARNING: [Synth 8-3331] design xbip_multadd_v3_0_11_viv has unconnected port C[42]
WARNING: [Synth 8-3331] design xbip_multadd_v3_0_11_viv has unconnected port C[41]
WARNING: [Synth 8-3331] design xbip_multadd_v3_0_11_viv has unconnected port C[40]
WARNING: [Synth 8-3331] design xbip_multadd_v3_0_11_viv has unconnected port C[39]
WARNING: [Synth 8-3331] design xbip_multadd_v3_0_11_viv has unconnected port C[38]
WARNING: [Synth 8-3331] design xbip_multadd_v3_0_11_viv has unconnected port C[37]
WARNING: [Synth 8-3331] design xbip_multadd_v3_0_11_viv has unconnected port C[36]
WARNING: [Synth 8-3331] design xbip_multadd_v3_0_11_viv has unconnected port C[35]
WARNING: [Synth 8-3331] design xbip_multadd_v3_0_11_viv has unconnected port C[34]
WARNING: [Synth 8-3331] design xbip_multadd_v3_0_11_viv has unconnected port C[33]
WARNING: [Synth 8-3331] design xbip_multadd_v3_0_11_viv has unconnected port C[32]
WARNING: [Synth 8-3331] design xbip_multadd_v3_0_11_viv has unconnected port C[31]
WARNING: [Synth 8-3331] design xbip_multadd_v3_0_11_viv has unconnected port C[30]
WARNING: [Synth 8-3331] design xbip_multadd_v3_0_11_viv has unconnected port C[29]
WARNING: [Synth 8-3331] design xbip_multadd_v3_0_11_viv has unconnected port C[28]
WARNING: [Synth 8-3331] design xbip_multadd_v3_0_11_viv has unconnected port C[27]
WARNING: [Synth 8-3331] design xbip_multadd_v3_0_11_viv has unconnected port C[26]
WARNING: [Synth 8-3331] design xbip_multadd_v3_0_11_viv has unconnected port C[25]
WARNING: [Synth 8-3331] design xbip_multadd_v3_0_11_viv has unconnected port C[24]
WARNING: [Synth 8-3331] design xbip_multadd_v3_0_11_viv has unconnected port C[23]
WARNING: [Synth 8-3331] design xbip_multadd_v3_0_11_viv has unconnected port C[22]
WARNING: [Synth 8-3331] design xbip_multadd_v3_0_11_viv has unconnected port C[21]
WARNING: [Synth 8-3331] design xbip_multadd_v3_0_11_viv has unconnected port C[20]
WARNING: [Synth 8-3331] design xbip_multadd_v3_0_11_viv has unconnected port C[19]
INFO: [Common 17-14] Message 'Synth 8-3331' appears 100 times and further instances of the messages will be disabled. Use the Tcl command set_msg_config to change the current settings.
---------------------------------------------------------------------------------
Finished Cross Boundary and Area Optimization : Time (s): cpu = 00:00:31 ; elapsed = 00:00:32 . Memory (MB): peak = 698.461 ; gain = 394.992
---------------------------------------------------------------------------------

Report RTL Partitions: 
+-+--------------+------------+----------+
| |RTL Partition |Replication |Instances |
+-+--------------+------------+----------+
+-+--------------+------------+----------+
---------------------------------------------------------------------------------
Start Applying XDC Timing Constraints
---------------------------------------------------------------------------------
---------------------------------------------------------------------------------
Finished Applying XDC Timing Constraints : Time (s): cpu = 00:00:46 ; elapsed = 00:00:48 . Memory (MB): peak = 792.027 ; gain = 488.559
---------------------------------------------------------------------------------
---------------------------------------------------------------------------------
Start Timing Optimization
---------------------------------------------------------------------------------
---------------------------------------------------------------------------------
Finished Timing Optimization : Time (s): cpu = 00:00:46 ; elapsed = 00:00:48 . Memory (MB): peak = 792.176 ; gain = 488.707
---------------------------------------------------------------------------------

Report RTL Partitions: 
+-+--------------+------------+----------+
| |RTL Partition |Replication |Instances |
+-+--------------+------------+----------+
+-+--------------+------------+----------+
---------------------------------------------------------------------------------
Start Technology Mapping
---------------------------------------------------------------------------------
---------------------------------------------------------------------------------
Finished Technology Mapping : Time (s): cpu = 00:00:46 ; elapsed = 00:00:48 . Memory (MB): peak = 801.766 ; gain = 498.297
---------------------------------------------------------------------------------

Report RTL Partitions: 
+-+--------------+------------+----------+
| |RTL Partition |Replication |Instances |
+-+--------------+------------+----------+
+-+--------------+------------+----------+
---------------------------------------------------------------------------------
Start IO Insertion
---------------------------------------------------------------------------------
---------------------------------------------------------------------------------
Start Flattening Before IO Insertion
---------------------------------------------------------------------------------
---------------------------------------------------------------------------------
Finished Flattening Before IO Insertion
---------------------------------------------------------------------------------
---------------------------------------------------------------------------------
Start Final Netlist Cleanup
---------------------------------------------------------------------------------
---------------------------------------------------------------------------------
Finished Final Netlist Cleanup
---------------------------------------------------------------------------------
---------------------------------------------------------------------------------
Finished IO Insertion : Time (s): cpu = 00:00:47 ; elapsed = 00:00:49 . Memory (MB): peak = 801.766 ; gain = 498.297
---------------------------------------------------------------------------------

Report Check Netlist: 
+------+------------------+-------+---------+-------+------------------+
|      |Item              |Errors |Warnings |Status |Description       |
+------+------------------+-------+---------+-------+------------------+
|1     |multi_driven_nets |      0|        0|Passed |Multi driven nets |
+------+------------------+-------+---------+-------+------------------+
---------------------------------------------------------------------------------
Start Renaming Generated Instances
---------------------------------------------------------------------------------
---------------------------------------------------------------------------------
Finished Renaming Generated Instances : Time (s): cpu = 00:00:47 ; elapsed = 00:00:49 . Memory (MB): peak = 801.766 ; gain = 498.297
---------------------------------------------------------------------------------

Report RTL Partitions: 
+-+--------------+------------+----------+
| |RTL Partition |Replication |Instances |
+-+--------------+------------+----------+
+-+--------------+------------+----------+
---------------------------------------------------------------------------------
Start Rebuilding User Hierarchy
---------------------------------------------------------------------------------
---------------------------------------------------------------------------------
Finished Rebuilding User Hierarchy : Time (s): cpu = 00:00:47 ; elapsed = 00:00:49 . Memory (MB): peak = 801.766 ; gain = 498.297
---------------------------------------------------------------------------------
---------------------------------------------------------------------------------
Start Renaming Generated Ports
---------------------------------------------------------------------------------
---------------------------------------------------------------------------------
Finished Renaming Generated Ports : Time (s): cpu = 00:00:47 ; elapsed = 00:00:49 . Memory (MB): peak = 801.766 ; gain = 498.297
---------------------------------------------------------------------------------
---------------------------------------------------------------------------------
Start Handling Custom Attributes
---------------------------------------------------------------------------------
---------------------------------------------------------------------------------
Finished Handling Custom Attributes : Time (s): cpu = 00:00:47 ; elapsed = 00:00:49 . Memory (MB): peak = 801.766 ; gain = 498.297
---------------------------------------------------------------------------------
---------------------------------------------------------------------------------
Start Renaming Generated Nets
---------------------------------------------------------------------------------
---------------------------------------------------------------------------------
Finished Renaming Generated Nets : Time (s): cpu = 00:00:47 ; elapsed = 00:00:49 . Memory (MB): peak = 801.766 ; gain = 498.297
---------------------------------------------------------------------------------
---------------------------------------------------------------------------------
Start Writing Synthesis Report
---------------------------------------------------------------------------------

Report BlackBoxes: 
+-+--------------+----------+
| |BlackBox name |Instances |
+-+--------------+----------+
+-+--------------+----------+

Report Cell Usage: 
+------+--------+------+
|      |Cell    |Count |
+------+--------+------+
|1     |DSP48E1 |     1|
+------+--------+------+
---------------------------------------------------------------------------------
Finished Writing Synthesis Report : Time (s): cpu = 00:00:47 ; elapsed = 00:00:49 . Memory (MB): peak = 801.766 ; gain = 498.297
---------------------------------------------------------------------------------
Synthesis finished with 0 errors, 0 critical warnings and 48 warnings.
Synthesis Optimization Runtime : Time (s): cpu = 00:00:26 ; elapsed = 00:00:42 . Memory (MB): peak = 801.766 ; gain = 280.895
Synthesis Optimization Complete : Time (s): cpu = 00:00:47 ; elapsed = 00:00:49 . Memory (MB): peak = 801.766 ; gain = 498.297
INFO: [Project 1-571] Translating synthesized netlist
INFO: [Netlist 29-17] Analyzing 1 Unisim elements for replacement
INFO: [Netlist 29-28] Unisim Transformation completed in 0 CPU seconds
INFO: [Project 1-570] Preparing netlist for logic optimization
INFO: [Opt 31-138] Pushed 0 inverter(s) to 0 load pin(s).
INFO: [Project 1-111] Unisim Transformation Summary:
No Unisim elements were transformed.

INFO: [Common 17-83] Releasing license: Synthesis
17 Infos, 100 Warnings, 0 Critical Warnings and 0 Errors encountered.
synth_design completed successfully
synth_design: Time (s): cpu = 00:00:49 ; elapsed = 00:00:52 . Memory (MB): peak = 801.766 ; gain = 509.824
INFO: [Common 17-1381] The checkpoint 'C:/Users/quanzai/Desktop/xidian_4channel/xdu_4channel/xdu_4channel.runs/Mul_PID_synth_1/Mul_PID.dcp' has been generated.
